{"/Users/mac_1/Documents/GitHub/suna/services/chainlens-core/src/app.module.ts": {"path":"/Users/mac_1/Documents/GitHub/suna/services/chainlens-core/src/app.module.ts","statementMap":{"0":{"start":{"line":1,"column":0},"end":{"line":1,"column":40}},"1":{"start":{"line":2,"column":0},"end":{"line":2,"column":61}},"2":{"start":{"line":6,"column":0},"end":{"line":6,"column":45}},"3":{"start":{"line":7,"column":0},"end":{"line":7,"column":43}},"4":{"start":{"line":8,"column":0},"end":{"line":8,"column":35}},"5":{"start":{"line":12,"column":0},"end":{"line":12,"column":74}},"6":{"start":{"line":13,"column":0},"end":{"line":13,"column":48}},"7":{"start":{"line":20,"column":0},"end":{"line":20,"column":61}},"8":{"start":{"line":24,"column":0},"end":{"line":24,"column":54}},"9":{"start":{"line":25,"column":0},"end":{"line":25,"column":48}},"10":{"start":{"line":26,"column":0},"end":{"line":26,"column":46}},"11":{"start":{"line":27,"column":0},"end":{"line":27,"column":54}},"12":{"start":{"line":143,"column":7},"end":{"line":156,"column":null}},"13":{"start":{"line":144,"column":22},"end":{"line":144,"column":37}},"14":{"start":{"line":146,"column":20},"end":{"line":146,"column":77}},"15":{"start":{"line":147,"column":17},"end":{"line":147,"column":61}},"16":{"start":{"line":149,"column":4},"end":{"line":149,"column":81}},"17":{"start":{"line":151,"column":4},"end":{"line":154,"column":5}},"18":{"start":{"line":152,"column":6},"end":{"line":152,"column":68}},"19":{"start":{"line":153,"column":6},"end":{"line":153,"column":57}},"20":{"start":{"line":143,"column":13},"end":{"line":143,"column":22}},"21":{"start":{"line":143,"column":13},"end":{"line":156,"column":null}},"22":{"start":{"line":41,"column":53},"end":{"line":68,"column":8}},"23":{"start":{"line":126,"column":53},"end":{"line":131,"column":8}}},"fnMap":{"0":{"name":"(anonymous_12)","decl":{"start":{"line":144,"column":2},"end":{"line":144,"column":22}},"loc":{"start":{"line":144,"column":50},"end":{"line":155,"column":3}}},"1":{"name":"(anonymous_13)","decl":{"start":{"line":41,"column":18},"end":{"line":41,"column":19}},"loc":{"start":{"line":41,"column":53},"end":{"line":68,"column":8}}},"2":{"name":"(anonymous_14)","decl":{"start":{"line":126,"column":18},"end":{"line":126,"column":19}},"loc":{"start":{"line":126,"column":53},"end":{"line":131,"column":8}}}},"branchMap":{"0":{"loc":{"start":{"line":151,"column":4},"end":{"line":154,"column":5}},"type":"if","locations":[{"start":{"line":151,"column":4},"end":{"line":154,"column":5}}]},"1":{"loc":{"start":{"line":50,"column":19},"end":{"line":50,"column":61}},"type":"binary-expr","locations":[{"start":{"line":50,"column":19},"end":{"line":50,"column":50}},{"start":{"line":50,"column":54},"end":{"line":50,"column":61}}]}},"s":{"0":0,"1":0,"2":0,"3":0,"4":0,"5":0,"6":0,"7":0,"8":0,"9":0,"10":0,"11":0,"12":0,"13":0,"14":0,"15":0,"16":0,"17":0,"18":0,"19":0,"20":0,"21":0,"22":0,"23":0},"f":{"0":0,"1":0,"2":0},"b":{"0":[0],"1":[0,0]}}
,"/Users/mac_1/Documents/GitHub/suna/services/chainlens-core/src/main.ts": {"path":"/Users/mac_1/Documents/GitHub/suna/services/chainlens-core/src/main.ts","statementMap":{"0":{"start":{"line":1,"column":0},"end":{"line":1,"column":43}},"1":{"start":{"line":2,"column":0},"end":{"line":2,"column":56}},"2":{"start":{"line":3,"column":0},"end":{"line":3,"column":65}},"3":{"start":{"line":4,"column":0},"end":{"line":4,"column":47}},"4":{"start":{"line":5,"column":0},"end":{"line":5,"column":28}},"5":{"start":{"line":6,"column":0},"end":{"line":6,"column":38}},"6":{"start":{"line":7,"column":0},"end":{"line":7,"column":41}},"7":{"start":{"line":8,"column":0},"end":{"line":8,"column":65}},"8":{"start":{"line":9,"column":0},"end":{"line":9,"column":77}},"9":{"start":{"line":10,"column":0},"end":{"line":10,"column":81}},"10":{"start":{"line":14,"column":14},"end":{"line":16,"column":4}},"11":{"start":{"line":18,"column":24},"end":{"line":18,"column":46}},"12":{"start":{"line":19,"column":24},"end":{"line":19,"column":46}},"13":{"start":{"line":20,"column":15},"end":{"line":20,"column":54}},"14":{"start":{"line":21,"column":18},"end":{"line":21,"column":70}},"15":{"start":{"line":24,"column":2},"end":{"line":34,"column":6}},"16":{"start":{"line":37,"column":2},"end":{"line":37,"column":25}},"17":{"start":{"line":40,"column":2},"end":{"line":45,"column":5}},"18":{"start":{"line":48,"column":2},"end":{"line":48,"column":32}},"19":{"start":{"line":51,"column":2},"end":{"line":60,"column":4}},"20":{"start":{"line":63,"column":2},"end":{"line":63,"column":63}},"21":{"start":{"line":66,"column":2},"end":{"line":66,"column":55}},"22":{"start":{"line":69,"column":2},"end":{"line":100,"column":3}},"23":{"start":{"line":70,"column":19},"end":{"line":88,"column":14}},"24":{"start":{"line":90,"column":21},"end":{"line":90,"column":62}},"25":{"start":{"line":91,"column":4},"end":{"line":97,"column":7}},"26":{"start":{"line":99,"column":4},"end":{"line":99,"column":94}},"27":{"start":{"line":103,"column":2},"end":{"line":107,"column":5}},"28":{"start":{"line":104,"column":4},"end":{"line":104,"column":68}},"29":{"start":{"line":105,"column":4},"end":{"line":105,"column":22}},"30":{"start":{"line":106,"column":4},"end":{"line":106,"column":20}},"31":{"start":{"line":109,"column":2},"end":{"line":113,"column":5}},"32":{"start":{"line":110,"column":4},"end":{"line":110,"column":67}},"33":{"start":{"line":111,"column":4},"end":{"line":111,"column":22}},"34":{"start":{"line":112,"column":4},"end":{"line":112,"column":20}},"35":{"start":{"line":116,"column":2},"end":{"line":116,"column":36}},"36":{"start":{"line":118,"column":2},"end":{"line":118,"column":77}},"37":{"start":{"line":119,"column":2},"end":{"line":119,"column":50}},"38":{"start":{"line":120,"column":2},"end":{"line":120,"column":79}},"39":{"start":{"line":122,"column":2},"end":{"line":125,"column":3}},"40":{"start":{"line":123,"column":4},"end":{"line":123,"column":81}},"41":{"start":{"line":124,"column":4},"end":{"line":124,"column":77}},"42":{"start":{"line":128,"column":0},"end":{"line":131,"column":3}},"43":{"start":{"line":129,"column":2},"end":{"line":129,"column":58}},"44":{"start":{"line":130,"column":2},"end":{"line":130,"column":18}}},"fnMap":{"0":{"name":"bootstrap","decl":{"start":{"line":13,"column":15},"end":{"line":13,"column":24}},"loc":{"start":{"line":13,"column":24},"end":{"line":126,"column":1}}},"1":{"name":"(anonymous_2)","decl":{"start":{"line":103,"column":24},"end":{"line":103,"column":29}},"loc":{"start":{"line":103,"column":35},"end":{"line":107,"column":3}}},"2":{"name":"(anonymous_3)","decl":{"start":{"line":109,"column":23},"end":{"line":109,"column":28}},"loc":{"start":{"line":109,"column":34},"end":{"line":113,"column":3}}},"3":{"name":"(anonymous_4)","decl":{"start":{"line":128,"column":18},"end":{"line":128,"column":19}},"loc":{"start":{"line":128,"column":28},"end":{"line":131,"column":1}}}},"branchMap":{"0":{"loc":{"start":{"line":69,"column":2},"end":{"line":100,"column":3}},"type":"if","locations":[{"start":{"line":69,"column":2},"end":{"line":100,"column":3}}]},"1":{"loc":{"start":{"line":122,"column":2},"end":{"line":125,"column":3}},"type":"if","locations":[{"start":{"line":122,"column":2},"end":{"line":125,"column":3}}]}},"s":{"0":0,"1":0,"2":0,"3":0,"4":0,"5":0,"6":0,"7":0,"8":0,"9":0,"10":0,"11":0,"12":0,"13":0,"14":0,"15":0,"16":0,"17":0,"18":0,"19":0,"20":0,"21":0,"22":0,"23":0,"24":0,"25":0,"26":0,"27":0,"28":0,"29":0,"30":0,"31":0,"32":0,"33":0,"34":0,"35":0,"36":0,"37":0,"38":0,"39":0,"40":0,"41":0,"42":0,"43":0,"44":0},"f":{"0":0,"1":0,"2":0,"3":0},"b":{"0":[0],"1":[0]}}
,"/Users/mac_1/Documents/GitHub/suna/services/chainlens-core/src/analysis/analysis.controller.ts": {"path":"/Users/mac_1/Documents/GitHub/suna/services/chainlens-core/src/analysis/analysis.controller.ts","statementMap":{"0":{"start":{"line":1,"column":0},"end":{"line":1,"column":null}},"1":{"start":{"line":13,"column":0},"end":{"line":13,"column":null}},"2":{"start":{"line":21,"column":0},"end":{"line":21,"column":51}},"3":{"start":{"line":23,"column":0},"end":{"line":23,"column":53}},"4":{"start":{"line":24,"column":0},"end":{"line":24,"column":54}},"5":{"start":{"line":25,"column":0},"end":{"line":25,"column":56}},"6":{"start":{"line":26,"column":0},"end":{"line":26,"column":78}},"7":{"start":{"line":27,"column":0},"end":{"line":27,"column":64}},"8":{"start":{"line":29,"column":0},"end":{"line":29,"column":64}},"9":{"start":{"line":30,"column":0},"end":{"line":30,"column":66}},"10":{"start":{"line":31,"column":0},"end":{"line":31,"column":62}},"11":{"start":{"line":32,"column":0},"end":{"line":32,"column":66}},"12":{"start":{"line":38,"column":7},"end":{"line":330,"column":null}},"13":{"start":{"line":40,"column":21},"end":{"line":40,"column":38}},"14":{"start":{"line":41,"column":21},"end":{"line":41,"column":29}},"15":{"start":{"line":86,"column":22},"end":{"line":86,"column":32}},"16":{"start":{"line":87,"column":26},"end":{"line":87,"column":70}},"17":{"start":{"line":89,"column":4},"end":{"line":94,"column":7}},"18":{"start":{"line":96,"column":4},"end":{"line":155,"column":5}},"19":{"start":{"line":98,"column":36},"end":{"line":100,"column":null}},"20":{"start":{"line":103,"column":6},"end":{"line":144,"column":7}},"21":{"start":{"line":105,"column":23},"end":{"line":108,"column":null}},"22":{"start":{"line":111,"column":31},"end":{"line":111,"column":53}},"23":{"start":{"line":112,"column":8},"end":{"line":119,"column":11}},"24":{"start":{"line":121,"column":8},"end":{"line":121,"column":22}},"25":{"start":{"line":124,"column":28},"end":{"line":127,"column":null}},"26":{"start":{"line":130,"column":8},"end":{"line":136,"column":11}},"27":{"start":{"line":138,"column":8},"end":{"line":143,"column":10}},"28":{"start":{"line":146,"column":29},"end":{"line":146,"column":51}},"29":{"start":{"line":147,"column":6},"end":{"line":153,"column":9}},"30":{"start":{"line":154,"column":6},"end":{"line":154,"column":18}},"31":{"start":{"line":182,"column":17},"end":{"line":182,"column":25}},"32":{"start":{"line":183,"column":26},"end":{"line":183,"column":43}},"33":{"start":{"line":185,"column":4},"end":{"line":189,"column":7}},"34":{"start":{"line":191,"column":19},"end":{"line":191,"column":84}},"35":{"start":{"line":193,"column":4},"end":{"line":199,"column":7}},"36":{"start":{"line":201,"column":4},"end":{"line":201,"column":18}},"37":{"start":{"line":251,"column":17},"end":{"line":251,"column":25}},"38":{"start":{"line":252,"column":26},"end":{"line":252,"column":43}},"39":{"start":{"line":254,"column":4},"end":{"line":260,"column":7}},"40":{"start":{"line":262,"column":20},"end":{"line":264,"column":null}},"41":{"start":{"line":267,"column":4},"end":{"line":272,"column":7}},"42":{"start":{"line":274,"column":4},"end":{"line":274,"column":19}},"43":{"start":{"line":314,"column":26},"end":{"line":314,"column":43}},"44":{"start":{"line":316,"column":4},"end":{"line":319,"column":7}},"45":{"start":{"line":321,"column":28},"end":{"line":321,"column":80}},"46":{"start":{"line":323,"column":4},"end":{"line":326,"column":7}},"47":{"start":{"line":328,"column":4},"end":{"line":328,"column":27}},"48":{"start":{"line":38,"column":13},"end":{"line":38,"column":31}},"49":{"start":{"line":81,"column":8},"end":{"line":156,"column":null}},"50":{"start":{"line":178,"column":8},"end":{"line":202,"column":null}},"51":{"start":{"line":245,"column":8},"end":{"line":275,"column":null}},"52":{"start":{"line":310,"column":8},"end":{"line":329,"column":null}},"53":{"start":{"line":38,"column":13},"end":{"line":330,"column":null}}},"fnMap":{"0":{"name":"(anonymous_4)","decl":{"start":{"line":39,"column":2},"end":{"line":39,"column":null}},"loc":{"start":{"line":41,"column":42},"end":{"line":42,"column":6}}},"1":{"name":"(anonymous_5)","decl":{"start":{"line":81,"column":2},"end":{"line":81,"column":7}},"loc":{"start":{"line":84,"column":23},"end":{"line":156,"column":3}}},"2":{"name":"(anonymous_6)","decl":{"start":{"line":178,"column":2},"end":{"line":178,"column":7}},"loc":{"start":{"line":180,"column":23},"end":{"line":202,"column":3}}},"3":{"name":"(anonymous_7)","decl":{"start":{"line":245,"column":2},"end":{"line":245,"column":7}},"loc":{"start":{"line":249,"column":42},"end":{"line":275,"column":3}}},"4":{"name":"(anonymous_8)","decl":{"start":{"line":310,"column":2},"end":{"line":310,"column":7}},"loc":{"start":{"line":312,"column":23},"end":{"line":329,"column":3}}}},"branchMap":{"0":{"loc":{"start":{"line":87,"column":26},"end":{"line":87,"column":70}},"type":"binary-expr","locations":[{"start":{"line":87,"column":26},"end":{"line":87,"column":57}},{"start":{"line":87,"column":61},"end":{"line":87,"column":70}}]},"1":{"loc":{"start":{"line":103,"column":6},"end":{"line":144,"column":7}},"type":"if","locations":[{"start":{"line":103,"column":6},"end":{"line":144,"column":7}},{"start":{"line":122,"column":13},"end":{"line":144,"column":7}}]},"2":{"loc":{"start":{"line":247,"column":20},"end":{"line":247,"column":38}},"type":"default-arg","locations":[{"start":{"line":247,"column":36},"end":{"line":247,"column":38}}]},"3":{"loc":{"start":{"line":248,"column":21},"end":{"line":248,"column":39}},"type":"default-arg","locations":[{"start":{"line":248,"column":38},"end":{"line":248,"column":39}}]},"4":{"loc":{"start":{"line":311,"column":20},"end":{"line":311,"column":38}},"type":"default-arg","locations":[{"start":{"line":311,"column":36},"end":{"line":311,"column":38}}]}},"s":{"0":0,"1":0,"2":0,"3":0,"4":0,"5":0,"6":0,"7":0,"8":0,"9":0,"10":0,"11":0,"12":0,"13":0,"14":0,"15":0,"16":0,"17":0,"18":0,"19":0,"20":0,"21":0,"22":0,"23":0,"24":0,"25":0,"26":0,"27":0,"28":0,"29":0,"30":0,"31":0,"32":0,"33":0,"34":0,"35":0,"36":0,"37":0,"38":0,"39":0,"40":0,"41":0,"42":0,"43":0,"44":0,"45":0,"46":0,"47":0,"48":0,"49":0,"50":0,"51":0,"52":0,"53":0},"f":{"0":0,"1":0,"2":0,"3":0,"4":0},"b":{"0":[0,0],"1":[0,0],"2":[0],"3":[0],"4":[0]}}
,"/Users/mac_1/Documents/GitHub/suna/services/chainlens-core/src/analysis/analysis.module.ts": {"path":"/Users/mac_1/Documents/GitHub/suna/services/chainlens-core/src/analysis/analysis.module.ts","statementMap":{"0":{"start":{"line":1,"column":0},"end":{"line":1,"column":40}},"1":{"start":{"line":2,"column":0},"end":{"line":2,"column":43}},"2":{"start":{"line":3,"column":0},"end":{"line":3,"column":42}},"3":{"start":{"line":4,"column":0},"end":{"line":4,"column":59}},"4":{"start":{"line":5,"column":0},"end":{"line":5,"column":53}},"5":{"start":{"line":6,"column":0},"end":{"line":6,"column":57}},"6":{"start":{"line":7,"column":0},"end":{"line":7,"column":49}},"7":{"start":{"line":8,"column":0},"end":{"line":8,"column":52}},"8":{"start":{"line":9,"column":0},"end":{"line":9,"column":58}},"9":{"start":{"line":10,"column":0},"end":{"line":10,"column":76}},"10":{"start":{"line":36,"column":7},"end":{"line":36,"column":null}},"11":{"start":{"line":36,"column":13},"end":{"line":36,"column":27}},"12":{"start":{"line":36,"column":13},"end":{"line":36,"column":null}}},"fnMap":{},"branchMap":{},"s":{"0":0,"1":0,"2":0,"3":0,"4":0,"5":0,"6":0,"7":0,"8":0,"9":0,"10":0,"11":0,"12":0},"f":{},"b":{}}
,"/Users/mac_1/Documents/GitHub/suna/services/chainlens-core/src/analysis/analysis.processor.ts": {"path":"/Users/mac_1/Documents/GitHub/suna/services/chainlens-core/src/analysis/analysis.processor.ts","statementMap":{"0":{"start":{"line":1,"column":0},"end":{"line":1,"column":50}},"1":{"start":{"line":3,"column":0},"end":{"line":3,"column":44}},"2":{"start":{"line":4,"column":0},"end":{"line":4,"column":53}},"3":{"start":{"line":5,"column":0},"end":{"line":5,"column":66}},"4":{"start":{"line":6,"column":0},"end":{"line":6,"column":60}},"5":{"start":{"line":19,"column":7},"end":{"line":129,"column":null}},"6":{"start":{"line":21,"column":12},"end":{"line":21,"column":29}},"7":{"start":{"line":22,"column":12},"end":{"line":22,"column":20}},"8":{"start":{"line":23,"column":12},"end":{"line":23,"column":28}},"9":{"start":{"line":28,"column":57},"end":{"line":28,"column":65}},"10":{"start":{"line":29,"column":22},"end":{"line":29,"column":32}},"11":{"start":{"line":31,"column":4},"end":{"line":36,"column":7}},"12":{"start":{"line":38,"column":4},"end":{"line":127,"column":5}},"13":{"start":{"line":40,"column":6},"end":{"line":45,"column":9}},"14":{"start":{"line":48,"column":6},"end":{"line":48,"column":29}},"15":{"start":{"line":51,"column":21},"end":{"line":51,"column":93}},"16":{"start":{"line":54,"column":6},"end":{"line":54,"column":29}},"17":{"start":{"line":55,"column":6},"end":{"line":58,"column":9}},"18":{"start":{"line":60,"column":6},"end":{"line":60,"column":29}},"19":{"start":{"line":61,"column":6},"end":{"line":64,"column":9}},"20":{"start":{"line":67,"column":6},"end":{"line":67,"column":30}},"21":{"start":{"line":68,"column":6},"end":{"line":74,"column":9}},"22":{"start":{"line":76,"column":29},"end":{"line":76,"column":51}},"23":{"start":{"line":78,"column":6},"end":{"line":85,"column":9}},"24":{"start":{"line":88,"column":6},"end":{"line":95,"column":8}},"25":{"start":{"line":98,"column":29},"end":{"line":98,"column":51}},"26":{"start":{"line":100,"column":6},"end":{"line":106,"column":9}},"27":{"start":{"line":109,"column":6},"end":{"line":114,"column":9}},"28":{"start":{"line":117,"column":6},"end":{"line":124,"column":8}},"29":{"start":{"line":126,"column":6},"end":{"line":126,"column":18}},"30":{"start":{"line":19,"column":13},"end":{"line":19,"column":30}},"31":{"start":{"line":27,"column":8},"end":{"line":128,"column":null}},"32":{"start":{"line":19,"column":13},"end":{"line":129,"column":null}}},"fnMap":{"0":{"name":"(anonymous_2)","decl":{"start":{"line":20,"column":2},"end":{"line":20,"column":null}},"loc":{"start":{"line":23,"column":42},"end":{"line":24,"column":6}}},"1":{"name":"(anonymous_3)","decl":{"start":{"line":27,"column":2},"end":{"line":27,"column":7}},"loc":{"start":{"line":27,"column":45},"end":{"line":128,"column":3}}}},"branchMap":{},"s":{"0":0,"1":0,"2":0,"3":0,"4":0,"5":0,"6":0,"7":0,"8":0,"9":0,"10":0,"11":0,"12":0,"13":0,"14":0,"15":0,"16":0,"17":0,"18":0,"19":0,"20":0,"21":0,"22":0,"23":0,"24":0,"25":0,"26":0,"27":0,"28":0,"29":0,"30":0,"31":0,"32":0},"f":{"0":0,"1":0},"b":{}}
,"/Users/mac_1/Documents/GitHub/suna/services/chainlens-core/src/analysis/analysis.service.ts": {"path":"/Users/mac_1/Documents/GitHub/suna/services/chainlens-core/src/analysis/analysis.service.ts","statementMap":{"0":{"start":{"line":1,"column":0},"end":{"line":1,"column":84}},"1":{"start":{"line":2,"column":0},"end":{"line":2,"column":43}},"2":{"start":{"line":4,"column":0},"end":{"line":4,"column":47}},"3":{"start":{"line":5,"column":0},"end":{"line":5,"column":36}},"4":{"start":{"line":8,"column":0},"end":{"line":8,"column":54}},"5":{"start":{"line":9,"column":0},"end":{"line":9,"column":60}},"6":{"start":{"line":10,"column":0},"end":{"line":10,"column":78}},"7":{"start":{"line":11,"column":0},"end":{"line":11,"column":66}},"8":{"start":{"line":39,"column":7},"end":{"line":445,"column":null}},"9":{"start":{"line":44,"column":37},"end":{"line":44,"column":57}},"10":{"start":{"line":45,"column":12},"end":{"line":45,"column":27}},"11":{"start":{"line":46,"column":12},"end":{"line":46,"column":26}},"12":{"start":{"line":47,"column":12},"end":{"line":47,"column":28}},"13":{"start":{"line":48,"column":12},"end":{"line":48,"column":34}},"14":{"start":{"line":49,"column":12},"end":{"line":49,"column":20}},"15":{"start":{"line":40,"column":19},"end":{"line":40,"column":75}},"16":{"start":{"line":41,"column":19},"end":{"line":41,"column":78}},"17":{"start":{"line":57,"column":22},"end":{"line":57,"column":59}},"18":{"start":{"line":58,"column":35},"end":{"line":58,"column":103}},"19":{"start":{"line":60,"column":4},"end":{"line":62,"column":5}},"20":{"start":{"line":61,"column":6},"end":{"line":61,"column":19}},"21":{"start":{"line":65,"column":4},"end":{"line":68,"column":5}},"22":{"start":{"line":67,"column":6},"end":{"line":67,"column":19}},"23":{"start":{"line":71,"column":4},"end":{"line":71,"column":16}},"24":{"start":{"line":79,"column":22},"end":{"line":79,"column":32}},"25":{"start":{"line":81,"column":4},"end":{"line":181,"column":5}},"26":{"start":{"line":83,"column":23},"end":{"line":83,"column":93}},"27":{"start":{"line":84,"column":21},"end":{"line":84,"column":79}},"28":{"start":{"line":86,"column":6},"end":{"line":101,"column":7}},"29":{"start":{"line":87,"column":8},"end":{"line":91,"column":11}},"30":{"start":{"line":94,"column":8},"end":{"line":94,"column":68}},"31":{"start":{"line":96,"column":8},"end":{"line":100,"column":10}},"32":{"start":{"line":104,"column":6},"end":{"line":104,"column":67}},"33":{"start":{"line":107,"column":6},"end":{"line":107,"column":56}},"34":{"start":{"line":110,"column":21},"end":{"line":110,"column":102}},"35":{"start":{"line":113,"column":27},"end":{"line":113,"column":70}},"36":{"start":{"line":114,"column":25},"end":{"line":114,"column":66}},"37":{"start":{"line":115,"column":24},"end":{"line":115,"column":61}},"38":{"start":{"line":117,"column":52},"end":{"line":135,"column":8}},"39":{"start":{"line":138,"column":6},"end":{"line":144,"column":7}},"40":{"start":{"line":139,"column":8},"end":{"line":143,"column":11}},"41":{"start":{"line":147,"column":6},"end":{"line":147,"column":65}},"42":{"start":{"line":150,"column":6},"end":{"line":157,"column":8}},"43":{"start":{"line":159,"column":6},"end":{"line":159,"column":30}},"44":{"start":{"line":161,"column":29},"end":{"line":161,"column":51}},"45":{"start":{"line":163,"column":6},"end":{"line":168,"column":9}},"46":{"start":{"line":171,"column":6},"end":{"line":178,"column":8}},"47":{"start":{"line":180,"column":6},"end":{"line":180,"column":18}},"48":{"start":{"line":189,"column":23},"end":{"line":189,"column":31}},"49":{"start":{"line":192,"column":38},"end":{"line":206,"column":6}},"50":{"start":{"line":208,"column":4},"end":{"line":208,"column":50}},"51":{"start":{"line":211,"column":21},"end":{"line":211,"column":75}},"52":{"start":{"line":212,"column":4},"end":{"line":224,"column":6}},"53":{"start":{"line":226,"column":4},"end":{"line":229,"column":6}},"54":{"start":{"line":233,"column":19},"end":{"line":233,"column":56}},"55":{"start":{"line":235,"column":4},"end":{"line":237,"column":5}},"56":{"start":{"line":236,"column":6},"end":{"line":236,"column":56}},"57":{"start":{"line":240,"column":4},"end":{"line":242,"column":5}},"58":{"start":{"line":241,"column":6},"end":{"line":241,"column":56}},"59":{"start":{"line":244,"column":4},"end":{"line":244,"column":18}},"60":{"start":{"line":251,"column":24},"end":{"line":251,"column":62}},"61":{"start":{"line":253,"column":26},"end":{"line":253,"column":37}},"62":{"start":{"line":254,"column":4},"end":{"line":256,"column":5}},"63":{"start":{"line":255,"column":6},"end":{"line":255,"column":97}},"64":{"start":{"line":255,"column":55},"end":{"line":255,"column":95}},"65":{"start":{"line":259,"column":4},"end":{"line":259,"column":102}},"66":{"start":{"line":259,"column":35},"end":{"line":259,"column":100}},"67":{"start":{"line":261,"column":18},"end":{"line":261,"column":40}},"68":{"start":{"line":262,"column":21},"end":{"line":262,"column":90}},"69":{"start":{"line":264,"column":4},"end":{"line":269,"column":6}},"70":{"start":{"line":275,"column":25},"end":{"line":294,"column":6}},"71":{"start":{"line":296,"column":4},"end":{"line":298,"column":6}},"72":{"start":{"line":303,"column":26},"end":{"line":303,"column":63}},"73":{"start":{"line":304,"column":4},"end":{"line":306,"column":5}},"74":{"start":{"line":305,"column":6},"end":{"line":305,"column":78}},"75":{"start":{"line":311,"column":4},"end":{"line":313,"column":5}},"76":{"start":{"line":312,"column":6},"end":{"line":312,"column":58}},"77":{"start":{"line":316,"column":4},"end":{"line":320,"column":5}},"78":{"start":{"line":317,"column":6},"end":{"line":319,"column":7}},"79":{"start":{"line":318,"column":8},"end":{"line":318,"column":87}},"80":{"start":{"line":323,"column":4},"end":{"line":325,"column":5}},"81":{"start":{"line":324,"column":6},"end":{"line":324,"column":68}},"82":{"start":{"line":329,"column":29},"end":{"line":329,"column":31}},"83":{"start":{"line":331,"column":4},"end":{"line":333,"column":5}},"84":{"start":{"line":332,"column":6},"end":{"line":332,"column":57}},"85":{"start":{"line":335,"column":4},"end":{"line":337,"column":5}},"86":{"start":{"line":336,"column":6},"end":{"line":336,"column":66}},"87":{"start":{"line":339,"column":4},"end":{"line":341,"column":5}},"88":{"start":{"line":340,"column":6},"end":{"line":340,"column":60}},"89":{"start":{"line":343,"column":4},"end":{"line":345,"column":5}},"90":{"start":{"line":344,"column":6},"end":{"line":344,"column":55}},"91":{"start":{"line":347,"column":4},"end":{"line":347,"column":97}},"92":{"start":{"line":347,"column":66},"end":{"line":347,"column":71}},"93":{"start":{"line":351,"column":34},"end":{"line":351,"column":36}},"94":{"start":{"line":353,"column":4},"end":{"line":357,"column":7}},"95":{"start":{"line":354,"column":6},"end":{"line":356,"column":7}},"96":{"start":{"line":355,"column":8},"end":{"line":355,"column":50}},"97":{"start":{"line":359,"column":4},"end":{"line":359,"column":100}},"98":{"start":{"line":359,"column":65},"end":{"line":359,"column":70}},"99":{"start":{"line":363,"column":4},"end":{"line":363,"column":46}},"100":{"start":{"line":363,"column":28},"end":{"line":363,"column":46}},"101":{"start":{"line":364,"column":4},"end":{"line":364,"column":41}},"102":{"start":{"line":364,"column":28},"end":{"line":364,"column":41}},"103":{"start":{"line":365,"column":4},"end":{"line":365,"column":44}},"104":{"start":{"line":365,"column":28},"end":{"line":365,"column":44}},"105":{"start":{"line":366,"column":4},"end":{"line":366,"column":42}},"106":{"start":{"line":366,"column":28},"end":{"line":366,"column":42}},"107":{"start":{"line":367,"column":4},"end":{"line":367,"column":23}},"108":{"start":{"line":372,"column":4},"end":{"line":372,"column":38}},"109":{"start":{"line":372,"column":26},"end":{"line":372,"column":38}},"110":{"start":{"line":373,"column":4},"end":{"line":373,"column":37}},"111":{"start":{"line":373,"column":26},"end":{"line":373,"column":37}},"112":{"start":{"line":374,"column":4},"end":{"line":374,"column":37}},"113":{"start":{"line":374,"column":26},"end":{"line":374,"column":37}},"114":{"start":{"line":375,"column":4},"end":{"line":375,"column":15}},"115":{"start":{"line":379,"column":19},"end":{"line":379,"column":21}},"116":{"start":{"line":381,"column":4},"end":{"line":383,"column":5}},"117":{"start":{"line":382,"column":6},"end":{"line":382,"column":20}},"118":{"start":{"line":386,"column":4},"end":{"line":388,"column":5}},"119":{"start":{"line":387,"column":6},"end":{"line":387,"column":21}},"120":{"start":{"line":390,"column":4},"end":{"line":390,"column":20}},"121":{"start":{"line":394,"column":25},"end":{"line":398,"column":6}},"122":{"start":{"line":400,"column":28},"end":{"line":404,"column":6}},"123":{"start":{"line":406,"column":4},"end":{"line":406,"column":72}},"124":{"start":{"line":410,"column":31},"end":{"line":412,"column":12}},"125":{"start":{"line":411,"column":24},"end":{"line":411,"column":52}},"126":{"start":{"line":414,"column":26},"end":{"line":414,"column":54}},"127":{"start":{"line":415,"column":24},"end":{"line":415,"column":58}},"128":{"start":{"line":417,"column":4},"end":{"line":417,"column":42}},"129":{"start":{"line":417,"column":28},"end":{"line":417,"column":42}},"130":{"start":{"line":418,"column":4},"end":{"line":418,"column":44}},"131":{"start":{"line":418,"column":28},"end":{"line":418,"column":44}},"132":{"start":{"line":419,"column":4},"end":{"line":419,"column":17}},"133":{"start":{"line":423,"column":20},"end":{"line":423,"column":37}},"134":{"start":{"line":425,"column":4},"end":{"line":429,"column":7}},"135":{"start":{"line":426,"column":6},"end":{"line":428,"column":7}},"136":{"start":{"line":427,"column":8},"end":{"line":427,"column":82}},"137":{"start":{"line":427,"column":61},"end":{"line":427,"column":80}},"138":{"start":{"line":431,"column":4},"end":{"line":431,"column":31}},"139":{"start":{"line":435,"column":24},"end":{"line":435,"column":62}},"140":{"start":{"line":436,"column":4},"end":{"line":436,"column":34}},"141":{"start":{"line":439,"column":4},"end":{"line":441,"column":5}},"142":{"start":{"line":440,"column":6},"end":{"line":440,"column":30}},"143":{"start":{"line":443,"column":4},"end":{"line":443,"column":50}},"144":{"start":{"line":39,"column":13},"end":{"line":39,"column":28}},"145":{"start":{"line":39,"column":13},"end":{"line":445,"column":null}}},"fnMap":{"0":{"name":"(anonymous_4)","decl":{"start":{"line":43,"column":2},"end":{"line":43,"column":null}},"loc":{"start":{"line":49,"column":33},"end":{"line":50,"column":6}}},"1":{"name":"(anonymous_5)","decl":{"start":{"line":52,"column":2},"end":{"line":52,"column":7}},"loc":{"start":{"line":54,"column":14},"end":{"line":72,"column":3}}},"2":{"name":"(anonymous_6)","decl":{"start":{"line":74,"column":2},"end":{"line":74,"column":7}},"loc":{"start":{"line":77,"column":25},"end":{"line":182,"column":3}}},"3":{"name":"(anonymous_7)","decl":{"start":{"line":184,"column":2},"end":{"line":184,"column":7}},"loc":{"start":{"line":187,"column":25},"end":{"line":230,"column":3}}},"4":{"name":"(anonymous_8)","decl":{"start":{"line":232,"column":2},"end":{"line":232,"column":7}},"loc":{"start":{"line":232,"column":60},"end":{"line":245,"column":3}}},"5":{"name":"(anonymous_9)","decl":{"start":{"line":247,"column":2},"end":{"line":247,"column":7}},"loc":{"start":{"line":249,"column":66},"end":{"line":270,"column":3}}},"6":{"name":"(anonymous_10)","decl":{"start":{"line":255,"column":43},"end":{"line":255,"column":51}},"loc":{"start":{"line":255,"column":55},"end":{"line":255,"column":95}}},"7":{"name":"(anonymous_11)","decl":{"start":{"line":259,"column":25},"end":{"line":259,"column":26}},"loc":{"start":{"line":259,"column":35},"end":{"line":259,"column":100}}},"8":{"name":"(anonymous_12)","decl":{"start":{"line":272,"column":2},"end":{"line":272,"column":7}},"loc":{"start":{"line":272,"column":40},"end":{"line":299,"column":3}}},"9":{"name":"(anonymous_13)","decl":{"start":{"line":302,"column":2},"end":{"line":302,"column":22}},"loc":{"start":{"line":302,"column":78},"end":{"line":307,"column":3}}},"10":{"name":"(anonymous_14)","decl":{"start":{"line":309,"column":10},"end":{"line":309,"column":15}},"loc":{"start":{"line":309,"column":79},"end":{"line":326,"column":3}}},"11":{"name":"(anonymous_15)","decl":{"start":{"line":328,"column":10},"end":{"line":328,"column":31}},"loc":{"start":{"line":328,"column":61},"end":{"line":348,"column":3}}},"12":{"name":"(anonymous_16)","decl":{"start":{"line":347,"column":56},"end":{"line":347,"column":57}},"loc":{"start":{"line":347,"column":66},"end":{"line":347,"column":71}}},"13":{"name":"(anonymous_17)","decl":{"start":{"line":350,"column":10},"end":{"line":350,"column":29}},"loc":{"start":{"line":350,"column":59},"end":{"line":360,"column":3}}},"14":{"name":"(anonymous_18)","decl":{"start":{"line":353,"column":36},"end":{"line":353,"column":37}},"loc":{"start":{"line":353,"column":53},"end":{"line":357,"column":5}}},"15":{"name":"(anonymous_19)","decl":{"start":{"line":359,"column":55},"end":{"line":359,"column":56}},"loc":{"start":{"line":359,"column":65},"end":{"line":359,"column":70}}},"16":{"name":"(anonymous_20)","decl":{"start":{"line":362,"column":10},"end":{"line":362,"column":28}},"loc":{"start":{"line":362,"column":49},"end":{"line":368,"column":3}}},"17":{"name":"(anonymous_21)","decl":{"start":{"line":370,"column":10},"end":{"line":370,"column":27}},"loc":{"start":{"line":370,"column":46},"end":{"line":376,"column":3}}},"18":{"name":"(anonymous_22)","decl":{"start":{"line":378,"column":10},"end":{"line":378,"column":38}},"loc":{"start":{"line":378,"column":78},"end":{"line":391,"column":3}}},"19":{"name":"(anonymous_23)","decl":{"start":{"line":393,"column":10},"end":{"line":393,"column":30}},"loc":{"start":{"line":393,"column":61},"end":{"line":407,"column":3}}},"20":{"name":"(anonymous_24)","decl":{"start":{"line":409,"column":10},"end":{"line":409,"column":27}},"loc":{"start":{"line":409,"column":57},"end":{"line":420,"column":3}}},"21":{"name":"(anonymous_25)","decl":{"start":{"line":411,"column":6},"end":{"line":411,"column":7}},"loc":{"start":{"line":411,"column":24},"end":{"line":411,"column":52}}},"22":{"name":"(anonymous_26)","decl":{"start":{"line":422,"column":10},"end":{"line":422,"column":28}},"loc":{"start":{"line":422,"column":58},"end":{"line":432,"column":3}}},"23":{"name":"(anonymous_27)","decl":{"start":{"line":425,"column":36},"end":{"line":425,"column":37}},"loc":{"start":{"line":425,"column":53},"end":{"line":429,"column":5}}},"24":{"name":"(anonymous_28)","decl":{"start":{"line":427,"column":41},"end":{"line":427,"column":42}},"loc":{"start":{"line":427,"column":61},"end":{"line":427,"column":80}}},"25":{"name":"(anonymous_29)","decl":{"start":{"line":434,"column":10},"end":{"line":434,"column":15}},"loc":{"start":{"line":434,"column":82},"end":{"line":444,"column":3}}}},"branchMap":{"0":{"loc":{"start":{"line":60,"column":4},"end":{"line":62,"column":5}},"type":"if","locations":[{"start":{"line":60,"column":4},"end":{"line":62,"column":5}}]},"1":{"loc":{"start":{"line":65,"column":4},"end":{"line":68,"column":5}},"type":"if","locations":[{"start":{"line":65,"column":4},"end":{"line":68,"column":5}}]},"2":{"loc":{"start":{"line":86,"column":6},"end":{"line":101,"column":7}},"type":"if","locations":[{"start":{"line":86,"column":6},"end":{"line":101,"column":7}}]},"3":{"loc":{"start":{"line":86,"column":10},"end":{"line":86,"column":60}},"type":"binary-expr","locations":[{"start":{"line":86,"column":10},"end":{"line":86,"column":16}},{"start":{"line":86,"column":20},"end":{"line":86,"column":60}}]},"4":{"loc":{"start":{"line":138,"column":6},"end":{"line":144,"column":7}},"type":"if","locations":[{"start":{"line":138,"column":6},"end":{"line":144,"column":7}}]},"5":{"loc":{"start":{"line":222,"column":15},"end":{"line":222,"column":46}},"type":"cond-expr","locations":[{"start":{"line":222,"column":38},"end":{"line":222,"column":42}},{"start":{"line":222,"column":45},"end":{"line":222,"column":46}}]},"6":{"loc":{"start":{"line":235,"column":4},"end":{"line":237,"column":5}},"type":"if","locations":[{"start":{"line":235,"column":4},"end":{"line":237,"column":5}}]},"7":{"loc":{"start":{"line":240,"column":4},"end":{"line":242,"column":5}},"type":"if","locations":[{"start":{"line":240,"column":4},"end":{"line":242,"column":5}}]},"8":{"loc":{"start":{"line":251,"column":24},"end":{"line":251,"column":62}},"type":"binary-expr","locations":[{"start":{"line":251,"column":24},"end":{"line":251,"column":56}},{"start":{"line":251,"column":60},"end":{"line":251,"column":62}}]},"9":{"loc":{"start":{"line":254,"column":4},"end":{"line":256,"column":5}},"type":"if","locations":[{"start":{"line":254,"column":4},"end":{"line":256,"column":5}}]},"10":{"loc":{"start":{"line":304,"column":4},"end":{"line":306,"column":5}},"type":"if","locations":[{"start":{"line":304,"column":4},"end":{"line":306,"column":5}}]},"11":{"loc":{"start":{"line":311,"column":4},"end":{"line":313,"column":5}},"type":"if","locations":[{"start":{"line":311,"column":4},"end":{"line":313,"column":5}}]},"12":{"loc":{"start":{"line":311,"column":8},"end":{"line":311,"column":58}},"type":"binary-expr","locations":[{"start":{"line":311,"column":8},"end":{"line":311,"column":26}},{"start":{"line":311,"column":30},"end":{"line":311,"column":58}}]},"13":{"loc":{"start":{"line":316,"column":4},"end":{"line":320,"column":5}},"type":"if","locations":[{"start":{"line":316,"column":4},"end":{"line":320,"column":5}}]},"14":{"loc":{"start":{"line":316,"column":8},"end":{"line":316,"column":95}},"type":"binary-expr","locations":[{"start":{"line":316,"column":8},"end":{"line":316,"column":39}},{"start":{"line":316,"column":43},"end":{"line":316,"column":95}}]},"15":{"loc":{"start":{"line":317,"column":6},"end":{"line":319,"column":7}},"type":"if","locations":[{"start":{"line":317,"column":6},"end":{"line":319,"column":7}}]},"16":{"loc":{"start":{"line":323,"column":4},"end":{"line":325,"column":5}},"type":"if","locations":[{"start":{"line":323,"column":4},"end":{"line":325,"column":5}}]},"17":{"loc":{"start":{"line":323,"column":8},"end":{"line":323,"column":81}},"type":"binary-expr","locations":[{"start":{"line":323,"column":8},"end":{"line":323,"column":28}},{"start":{"line":323,"column":32},"end":{"line":323,"column":81}}]},"18":{"loc":{"start":{"line":331,"column":4},"end":{"line":333,"column":5}},"type":"if","locations":[{"start":{"line":331,"column":4},"end":{"line":333,"column":5}}]},"19":{"loc":{"start":{"line":335,"column":4},"end":{"line":337,"column":5}},"type":"if","locations":[{"start":{"line":335,"column":4},"end":{"line":337,"column":5}}]},"20":{"loc":{"start":{"line":339,"column":4},"end":{"line":341,"column":5}},"type":"if","locations":[{"start":{"line":339,"column":4},"end":{"line":341,"column":5}}]},"21":{"loc":{"start":{"line":343,"column":4},"end":{"line":345,"column":5}},"type":"if","locations":[{"start":{"line":343,"column":4},"end":{"line":345,"column":5}}]},"22":{"loc":{"start":{"line":347,"column":11},"end":{"line":347,"column":96}},"type":"cond-expr","locations":[{"start":{"line":347,"column":31},"end":{"line":347,"column":92}},{"start":{"line":347,"column":95},"end":{"line":347,"column":96}}]},"23":{"loc":{"start":{"line":354,"column":6},"end":{"line":356,"column":7}},"type":"if","locations":[{"start":{"line":354,"column":6},"end":{"line":356,"column":7}}]},"24":{"loc":{"start":{"line":359,"column":11},"end":{"line":359,"column":99}},"type":"cond-expr","locations":[{"start":{"line":359,"column":36},"end":{"line":359,"column":95}},{"start":{"line":359,"column":98},"end":{"line":359,"column":99}}]},"25":{"loc":{"start":{"line":363,"column":4},"end":{"line":363,"column":46}},"type":"if","locations":[{"start":{"line":363,"column":4},"end":{"line":363,"column":46}}]},"26":{"loc":{"start":{"line":364,"column":4},"end":{"line":364,"column":41}},"type":"if","locations":[{"start":{"line":364,"column":4},"end":{"line":364,"column":41}}]},"27":{"loc":{"start":{"line":365,"column":4},"end":{"line":365,"column":44}},"type":"if","locations":[{"start":{"line":365,"column":4},"end":{"line":365,"column":44}}]},"28":{"loc":{"start":{"line":366,"column":4},"end":{"line":366,"column":42}},"type":"if","locations":[{"start":{"line":366,"column":4},"end":{"line":366,"column":42}}]},"29":{"loc":{"start":{"line":372,"column":4},"end":{"line":372,"column":38}},"type":"if","locations":[{"start":{"line":372,"column":4},"end":{"line":372,"column":38}}]},"30":{"loc":{"start":{"line":373,"column":4},"end":{"line":373,"column":37}},"type":"if","locations":[{"start":{"line":373,"column":4},"end":{"line":373,"column":37}}]},"31":{"loc":{"start":{"line":374,"column":4},"end":{"line":374,"column":37}},"type":"if","locations":[{"start":{"line":374,"column":4},"end":{"line":374,"column":37}}]},"32":{"loc":{"start":{"line":381,"column":4},"end":{"line":383,"column":5}},"type":"if","locations":[{"start":{"line":381,"column":4},"end":{"line":383,"column":5}}]},"33":{"loc":{"start":{"line":386,"column":4},"end":{"line":388,"column":5}},"type":"if","locations":[{"start":{"line":386,"column":4},"end":{"line":388,"column":5}}]},"34":{"loc":{"start":{"line":406,"column":12},"end":{"line":406,"column":35}},"type":"binary-expr","locations":[{"start":{"line":406,"column":12},"end":{"line":406,"column":30}},{"start":{"line":406,"column":34},"end":{"line":406,"column":35}}]},"35":{"loc":{"start":{"line":406,"column":40},"end":{"line":406,"column":70}},"type":"binary-expr","locations":[{"start":{"line":406,"column":40},"end":{"line":406,"column":65}},{"start":{"line":406,"column":69},"end":{"line":406,"column":70}}]},"36":{"loc":{"start":{"line":417,"column":4},"end":{"line":417,"column":42}},"type":"if","locations":[{"start":{"line":417,"column":4},"end":{"line":417,"column":42}}]},"37":{"loc":{"start":{"line":418,"column":4},"end":{"line":418,"column":44}},"type":"if","locations":[{"start":{"line":418,"column":4},"end":{"line":418,"column":44}}]},"38":{"loc":{"start":{"line":426,"column":6},"end":{"line":428,"column":7}},"type":"if","locations":[{"start":{"line":426,"column":6},"end":{"line":428,"column":7}}]},"39":{"loc":{"start":{"line":435,"column":24},"end":{"line":435,"column":62}},"type":"binary-expr","locations":[{"start":{"line":435,"column":24},"end":{"line":435,"column":56}},{"start":{"line":435,"column":60},"end":{"line":435,"column":62}}]},"40":{"loc":{"start":{"line":439,"column":4},"end":{"line":441,"column":5}},"type":"if","locations":[{"start":{"line":439,"column":4},"end":{"line":441,"column":5}}]}},"s":{"0":0,"1":0,"2":0,"3":0,"4":0,"5":0,"6":0,"7":0,"8":0,"9":0,"10":0,"11":0,"12":0,"13":0,"14":0,"15":0,"16":0,"17":0,"18":0,"19":0,"20":0,"21":0,"22":0,"23":0,"24":0,"25":0,"26":0,"27":0,"28":0,"29":0,"30":0,"31":0,"32":0,"33":0,"34":0,"35":0,"36":0,"37":0,"38":0,"39":0,"40":0,"41":0,"42":0,"43":0,"44":0,"45":0,"46":0,"47":0,"48":0,"49":0,"50":0,"51":0,"52":0,"53":0,"54":0,"55":0,"56":0,"57":0,"58":0,"59":0,"60":0,"61":0,"62":0,"63":0,"64":0,"65":0,"66":0,"67":0,"68":0,"69":0,"70":0,"71":0,"72":0,"73":0,"74":0,"75":0,"76":0,"77":0,"78":0,"79":0,"80":0,"81":0,"82":0,"83":0,"84":0,"85":0,"86":0,"87":0,"88":0,"89":0,"90":0,"91":0,"92":0,"93":0,"94":0,"95":0,"96":0,"97":0,"98":0,"99":0,"100":0,"101":0,"102":0,"103":0,"104":0,"105":0,"106":0,"107":0,"108":0,"109":0,"110":0,"111":0,"112":0,"113":0,"114":0,"115":0,"116":0,"117":0,"118":0,"119":0,"120":0,"121":0,"122":0,"123":0,"124":0,"125":0,"126":0,"127":0,"128":0,"129":0,"130":0,"131":0,"132":0,"133":0,"134":0,"135":0,"136":0,"137":0,"138":0,"139":0,"140":0,"141":0,"142":0,"143":0,"144":0,"145":0},"f":{"0":0,"1":0,"2":0,"3":0,"4":0,"5":0,"6":0,"7":0,"8":0,"9":0,"10":0,"11":0,"12":0,"13":0,"14":0,"15":0,"16":0,"17":0,"18":0,"19":0,"20":0,"21":0,"22":0,"23":0,"24":0,"25":0},"b":{"0":[0],"1":[0],"2":[0],"3":[0,0],"4":[0],"5":[0,0],"6":[0],"7":[0],"8":[0,0],"9":[0],"10":[0],"11":[0],"12":[0,0],"13":[0],"14":[0,0],"15":[0],"16":[0],"17":[0,0],"18":[0],"19":[0],"20":[0],"21":[0],"22":[0,0],"23":[0],"24":[0,0],"25":[0],"26":[0],"27":[0],"28":[0],"29":[0],"30":[0],"31":[0],"32":[0],"33":[0],"34":[0,0],"35":[0,0],"36":[0],"37":[0],"38":[0],"39":[0,0],"40":[0]}}
,"/Users/mac_1/Documents/GitHub/suna/services/chainlens-core/src/analysis/dto/analysis-request.dto.ts": {"path":"/Users/mac_1/Documents/GitHub/suna/services/chainlens-core/src/analysis/dto/analysis-request.dto.ts","statementMap":{"0":{"start":{"line":1,"column":0},"end":{"line":1,"column":99}},"1":{"start":{"line":2,"column":0},"end":{"line":2,"column":52}},"2":{"start":{"line":3,"column":0},"end":{"line":3,"column":67}},"3":{"start":{"line":13,"column":2},"end":{"line":13,"column":38}},"4":{"start":{"line":22,"column":2},"end":{"line":22,"column":29}},"5":{"start":{"line":40,"column":2},"end":{"line":40,"column":43}},"6":{"start":{"line":48,"column":2},"end":{"line":48,"column":33}},"7":{"start":{"line":5,"column":0},"end":{"line":5,"column":13}},"8":{"start":{"line":13,"column":2},"end":{"line":13,"column":null}},"9":{"start":{"line":12,"column":28},"end":{"line":12,"column":42}},"10":{"start":{"line":22,"column":2},"end":{"line":22,"column":null}},"11":{"start":{"line":32,"column":2},"end":{"line":32,"column":null}},"12":{"start":{"line":40,"column":2},"end":{"line":40,"column":null}},"13":{"start":{"line":48,"column":2},"end":{"line":48,"column":null}},"14":{"start":{"line":67,"column":2},"end":{"line":67,"column":33}},"15":{"start":{"line":100,"column":2},"end":{"line":100,"column":31}},"16":{"start":{"line":51,"column":0},"end":{"line":51,"column":13}},"17":{"start":{"line":58,"column":2},"end":{"line":58,"column":null}},"18":{"start":{"line":57,"column":28},"end":{"line":57,"column":54}},"19":{"start":{"line":67,"column":2},"end":{"line":67,"column":null}},"20":{"start":{"line":75,"column":2},"end":{"line":75,"column":null}},"21":{"start":{"line":82,"column":2},"end":{"line":82,"column":null}},"22":{"start":{"line":91,"column":2},"end":{"line":91,"column":null}},"23":{"start":{"line":90,"column":14},"end":{"line":90,"column":32}},"24":{"start":{"line":100,"column":2},"end":{"line":100,"column":null}}},"fnMap":{"0":{"name":"(anonymous_2)","decl":{"start":{"line":5,"column":0},"end":{"line":5,"column":13}},"loc":{"start":{"line":5,"column":0},"end":{"line":49,"column":1}}},"1":{"name":"(anonymous_3)","decl":{"start":{"line":12,"column":13},"end":{"line":12,"column":14}},"loc":{"start":{"line":12,"column":28},"end":{"line":12,"column":42}}},"2":{"name":"(anonymous_4)","decl":{"start":{"line":51,"column":0},"end":{"line":51,"column":13}},"loc":{"start":{"line":51,"column":0},"end":{"line":101,"column":1}}},"3":{"name":"(anonymous_5)","decl":{"start":{"line":57,"column":13},"end":{"line":57,"column":14}},"loc":{"start":{"line":57,"column":28},"end":{"line":57,"column":54}}},"4":{"name":"(anonymous_6)","decl":{"start":{"line":90,"column":8},"end":{"line":90,"column":11}},"loc":{"start":{"line":90,"column":14},"end":{"line":90,"column":32}}}},"branchMap":{},"s":{"0":0,"1":0,"2":0,"3":0,"4":0,"5":0,"6":0,"7":0,"8":0,"9":0,"10":0,"11":0,"12":0,"13":0,"14":0,"15":0,"16":0,"17":0,"18":0,"19":0,"20":0,"21":0,"22":0,"23":0,"24":0},"f":{"0":0,"1":0,"2":0,"3":0,"4":0},"b":{}}
,"/Users/mac_1/Documents/GitHub/suna/services/chainlens-core/src/analysis/dto/analysis-response.dto.ts": {"path":"/Users/mac_1/Documents/GitHub/suna/services/chainlens-core/src/analysis/dto/analysis-response.dto.ts","statementMap":{"0":{"start":{"line":1,"column":0},"end":{"line":1,"column":67}},"1":{"start":{"line":3,"column":0},"end":{"line":3,"column":13}},"2":{"start":{"line":9,"column":2},"end":{"line":9,"column":null}},"3":{"start":{"line":18,"column":2},"end":{"line":18,"column":null}},"4":{"start":{"line":24,"column":2},"end":{"line":24,"column":null}},"5":{"start":{"line":30,"column":2},"end":{"line":30,"column":null}},"6":{"start":{"line":33,"column":0},"end":{"line":33,"column":13}},"7":{"start":{"line":38,"column":2},"end":{"line":38,"column":null}},"8":{"start":{"line":44,"column":2},"end":{"line":44,"column":null}},"9":{"start":{"line":50,"column":2},"end":{"line":50,"column":null}},"10":{"start":{"line":56,"column":2},"end":{"line":56,"column":null}},"11":{"start":{"line":63,"column":2},"end":{"line":63,"column":null}},"12":{"start":{"line":69,"column":2},"end":{"line":69,"column":null}},"13":{"start":{"line":75,"column":2},"end":{"line":75,"column":null}},"14":{"start":{"line":96,"column":2},"end":{"line":96,"column":null}},"15":{"start":{"line":103,"column":2},"end":{"line":103,"column":null}},"16":{"start":{"line":110,"column":2},"end":{"line":110,"column":null}},"17":{"start":{"line":116,"column":2},"end":{"line":116,"column":null}},"18":{"start":{"line":122,"column":2},"end":{"line":122,"column":null}},"19":{"start":{"line":132,"column":2},"end":{"line":132,"column":null}}},"fnMap":{},"branchMap":{},"s":{"0":0,"1":0,"2":0,"3":0,"4":0,"5":0,"6":0,"7":0,"8":0,"9":0,"10":0,"11":0,"12":0,"13":0,"14":0,"15":0,"16":0,"17":0,"18":0,"19":0},"f":{},"b":{}}
,"/Users/mac_1/Documents/GitHub/suna/services/chainlens-core/src/analysis/dto/analysis-status.dto.ts": {"path":"/Users/mac_1/Documents/GitHub/suna/services/chainlens-core/src/analysis/dto/analysis-status.dto.ts","statementMap":{"0":{"start":{"line":1,"column":0},"end":{"line":1,"column":67}},"1":{"start":{"line":3,"column":0},"end":{"line":3,"column":13}},"2":{"start":{"line":8,"column":2},"end":{"line":8,"column":null}},"3":{"start":{"line":15,"column":2},"end":{"line":15,"column":null}},"4":{"start":{"line":21,"column":2},"end":{"line":21,"column":null}},"5":{"start":{"line":27,"column":2},"end":{"line":27,"column":null}},"6":{"start":{"line":33,"column":2},"end":{"line":33,"column":null}},"7":{"start":{"line":39,"column":2},"end":{"line":39,"column":null}},"8":{"start":{"line":45,"column":2},"end":{"line":45,"column":null}},"9":{"start":{"line":51,"column":2},"end":{"line":51,"column":null}},"10":{"start":{"line":57,"column":2},"end":{"line":57,"column":null}},"11":{"start":{"line":68,"column":2},"end":{"line":68,"column":null}},"12":{"start":{"line":73,"column":2},"end":{"line":73,"column":null}},"13":{"start":{"line":84,"column":2},"end":{"line":84,"column":null}}},"fnMap":{},"branchMap":{},"s":{"0":0,"1":0,"2":0,"3":0,"4":0,"5":0,"6":0,"7":0,"8":0,"9":0,"10":0,"11":0,"12":0,"13":0},"f":{},"b":{}}
,"/Users/mac_1/Documents/GitHub/suna/services/chainlens-core/src/auth/auth.controller.ts": {"path":"/Users/mac_1/Documents/GitHub/suna/services/chainlens-core/src/auth/auth.controller.ts","statementMap":{"0":{"start":{"line":1,"column":0},"end":{"line":1,"column":null}},"1":{"start":{"line":11,"column":0},"end":{"line":11,"column":null}},"2":{"start":{"line":18,"column":0},"end":{"line":18,"column":51}},"3":{"start":{"line":19,"column":0},"end":{"line":19,"column":48}},"4":{"start":{"line":20,"column":0},"end":{"line":20,"column":55}},"5":{"start":{"line":21,"column":0},"end":{"line":21,"column":58}},"6":{"start":{"line":35,"column":7},"end":{"line":139,"column":null}},"7":{"start":{"line":36,"column":22},"end":{"line":36,"column":35}},"8":{"start":{"line":50,"column":4},"end":{"line":63,"column":5}},"9":{"start":{"line":51,"column":19},"end":{"line":51,"column":75}},"10":{"start":{"line":52,"column":28},"end":{"line":52,"column":78}},"11":{"start":{"line":54,"column":6},"end":{"line":58,"column":8}},"12":{"start":{"line":60,"column":6},"end":{"line":62,"column":8}},"13":{"start":{"line":76,"column":4},"end":{"line":76,"column":16}},"14":{"start":{"line":90,"column":18},"end":{"line":90,"column":68}},"15":{"start":{"line":92,"column":4},"end":{"line":92,"column":21}},"16":{"start":{"line":107,"column":4},"end":{"line":110,"column":6}},"17":{"start":{"line":135,"column":26},"end":{"line":135,"column":79}},"18":{"start":{"line":137,"column":4},"end":{"line":137,"column":29}},"19":{"start":{"line":35,"column":13},"end":{"line":35,"column":27}},"20":{"start":{"line":49,"column":8},"end":{"line":64,"column":null}},"21":{"start":{"line":75,"column":8},"end":{"line":77,"column":null}},"22":{"start":{"line":89,"column":8},"end":{"line":93,"column":null}},"23":{"start":{"line":103,"column":8},"end":{"line":111,"column":null}},"24":{"start":{"line":131,"column":8},"end":{"line":138,"column":null}},"25":{"start":{"line":35,"column":13},"end":{"line":139,"column":null}}},"fnMap":{"0":{"name":"(anonymous_4)","decl":{"start":{"line":36,"column":2},"end":{"line":36,"column":22}},"loc":{"start":{"line":36,"column":46},"end":{"line":36,"column":50}}},"1":{"name":"(anonymous_5)","decl":{"start":{"line":49,"column":2},"end":{"line":49,"column":7}},"loc":{"start":{"line":49,"column":54},"end":{"line":64,"column":3}}},"2":{"name":"(anonymous_6)","decl":{"start":{"line":75,"column":2},"end":{"line":75,"column":7}},"loc":{"start":{"line":75,"column":44},"end":{"line":77,"column":3}}},"3":{"name":"(anonymous_7)","decl":{"start":{"line":89,"column":2},"end":{"line":89,"column":7}},"loc":{"start":{"line":89,"column":42},"end":{"line":93,"column":3}}},"4":{"name":"(anonymous_8)","decl":{"start":{"line":103,"column":2},"end":{"line":103,"column":7}},"loc":{"start":{"line":103,"column":44},"end":{"line":111,"column":3}}},"5":{"name":"(anonymous_9)","decl":{"start":{"line":131,"column":2},"end":{"line":131,"column":7}},"loc":{"start":{"line":133,"column":40},"end":{"line":138,"column":3}}}},"branchMap":{},"s":{"0":0,"1":0,"2":0,"3":0,"4":0,"5":0,"6":0,"7":0,"8":0,"9":0,"10":0,"11":0,"12":0,"13":0,"14":0,"15":0,"16":0,"17":0,"18":0,"19":0,"20":0,"21":0,"22":0,"23":0,"24":0,"25":0},"f":{"0":0,"1":0,"2":0,"3":0,"4":0,"5":0},"b":{}}
,"/Users/mac_1/Documents/GitHub/suna/services/chainlens-core/src/auth/auth.module.ts": {"path":"/Users/mac_1/Documents/GitHub/suna/services/chainlens-core/src/auth/auth.module.ts","statementMap":{"0":{"start":{"line":1,"column":0},"end":{"line":1,"column":40}},"1":{"start":{"line":2,"column":0},"end":{"line":2,"column":40}},"2":{"start":{"line":3,"column":0},"end":{"line":3,"column":50}},"3":{"start":{"line":4,"column":0},"end":{"line":4,"column":61}},"4":{"start":{"line":5,"column":0},"end":{"line":5,"column":45}},"5":{"start":{"line":6,"column":0},"end":{"line":6,"column":51}},"6":{"start":{"line":7,"column":0},"end":{"line":7,"column":72}},"7":{"start":{"line":8,"column":0},"end":{"line":8,"column":63}},"8":{"start":{"line":9,"column":0},"end":{"line":9,"column":54}},"9":{"start":{"line":10,"column":0},"end":{"line":10,"column":56}},"10":{"start":{"line":13,"column":0},"end":{"line":13,"column":55}},"11":{"start":{"line":14,"column":0},"end":{"line":14,"column":62}},"12":{"start":{"line":15,"column":0},"end":{"line":15,"column":50}},"13":{"start":{"line":16,"column":0},"end":{"line":16,"column":58}},"14":{"start":{"line":17,"column":0},"end":{"line":17,"column":62}},"15":{"start":{"line":18,"column":0},"end":{"line":18,"column":62}},"16":{"start":{"line":19,"column":0},"end":{"line":19,"column":55}},"17":{"start":{"line":62,"column":7},"end":{"line":62,"column":null}},"18":{"start":{"line":62,"column":13},"end":{"line":62,"column":23}},"19":{"start":{"line":62,"column":13},"end":{"line":62,"column":null}},"20":{"start":{"line":27,"column":53},"end":{"line":34,"column":8}}},"fnMap":{"0":{"name":"(anonymous_2)","decl":{"start":{"line":27,"column":18},"end":{"line":27,"column":19}},"loc":{"start":{"line":27,"column":53},"end":{"line":34,"column":8}}}},"branchMap":{},"s":{"0":0,"1":0,"2":0,"3":0,"4":0,"5":0,"6":0,"7":0,"8":0,"9":0,"10":0,"11":0,"12":0,"13":0,"14":0,"15":0,"16":0,"17":0,"18":0,"19":0,"20":0},"f":{"0":0},"b":{}}
,"/Users/mac_1/Documents/GitHub/suna/services/chainlens-core/src/auth/auth.service.ts": {"path":"/Users/mac_1/Documents/GitHub/suna/services/chainlens-core/src/auth/auth.service.ts","statementMap":{"0":{"start":{"line":1,"column":0},"end":{"line":1,"column":87}},"1":{"start":{"line":2,"column":0},"end":{"line":2,"column":41}},"2":{"start":{"line":3,"column":0},"end":{"line":3,"column":47}},"3":{"start":{"line":4,"column":0},"end":{"line":4,"column":69}},"4":{"start":{"line":5,"column":0},"end":{"line":5,"column":66}},"5":{"start":{"line":27,"column":7},"end":{"line":245,"column":null}},"6":{"start":{"line":31,"column":12},"end":{"line":31,"column":24}},"7":{"start":{"line":32,"column":12},"end":{"line":32,"column":27}},"8":{"start":{"line":33,"column":12},"end":{"line":33,"column":20}},"9":{"start":{"line":36,"column":24},"end":{"line":36,"column":70}},"10":{"start":{"line":37,"column":24},"end":{"line":37,"column":75}},"11":{"start":{"line":39,"column":4},"end":{"line":41,"column":5}},"12":{"start":{"line":40,"column":6},"end":{"line":40,"column":56}},"13":{"start":{"line":43,"column":4},"end":{"line":43,"column":59}},"14":{"start":{"line":47,"column":4},"end":{"line":98,"column":5}},"15":{"start":{"line":49,"column":40},"end":{"line":49,"column":79}},"16":{"start":{"line":51,"column":6},"end":{"line":53,"column":7}},"17":{"start":{"line":52,"column":8},"end":{"line":52,"column":66}},"18":{"start":{"line":56,"column":53},"end":{"line":60,"column":17}},"19":{"start":{"line":62,"column":6},"end":{"line":86,"column":7}},"20":{"start":{"line":63,"column":8},"end":{"line":63,"column":97}},"21":{"start":{"line":65,"column":31},"end":{"line":70,"column":10}},"22":{"start":{"line":72,"column":39},"end":{"line":74,"column":33}},"23":{"start":{"line":76,"column":8},"end":{"line":78,"column":9}},"24":{"start":{"line":77,"column":10},"end":{"line":77,"column":100}},"25":{"start":{"line":80,"column":8},"end":{"line":85,"column":10}},"26":{"start":{"line":88,"column":6},"end":{"line":94,"column":8}},"27":{"start":{"line":96,"column":6},"end":{"line":96,"column":88}},"28":{"start":{"line":97,"column":6},"end":{"line":97,"column":65}},"29":{"start":{"line":102,"column":4},"end":{"line":150,"column":5}},"30":{"start":{"line":104,"column":39},"end":{"line":117,"column":17}},"31":{"start":{"line":119,"column":6},"end":{"line":121,"column":7}},"32":{"start":{"line":120,"column":8},"end":{"line":120,"column":59}},"33":{"start":{"line":124,"column":6},"end":{"line":126,"column":7}},"34":{"start":{"line":125,"column":8},"end":{"line":125,"column":59}},"35":{"start":{"line":129,"column":6},"end":{"line":132,"column":30}},"36":{"start":{"line":134,"column":26},"end":{"line":134,"column":47}},"37":{"start":{"line":136,"column":6},"end":{"line":146,"column":8}},"38":{"start":{"line":148,"column":6},"end":{"line":148,"column":81}},"39":{"start":{"line":149,"column":6},"end":{"line":149,"column":67}},"40":{"start":{"line":154,"column":32},"end":{"line":163,"column":6}},"41":{"start":{"line":165,"column":4},"end":{"line":165,"column":41}},"42":{"start":{"line":169,"column":4},"end":{"line":181,"column":5}},"43":{"start":{"line":170,"column":22},"end":{"line":170,"column":65}},"44":{"start":{"line":172,"column":6},"end":{"line":177,"column":8}},"45":{"start":{"line":179,"column":6},"end":{"line":179,"column":88}},"46":{"start":{"line":180,"column":6},"end":{"line":180,"column":64}},"47":{"start":{"line":185,"column":4},"end":{"line":185,"column":57}},"48":{"start":{"line":189,"column":4},"end":{"line":189,"column":89}},"49":{"start":{"line":189,"column":50},"end":{"line":189,"column":87}},"50":{"start":{"line":193,"column":4},"end":{"line":193,"column":90}},"51":{"start":{"line":193,"column":51},"end":{"line":193,"column":88}},"52":{"start":{"line":198,"column":19},"end":{"line":198,"column":48}},"53":{"start":{"line":201,"column":4},"end":{"line":201,"column":16}},"54":{"start":{"line":205,"column":24},"end":{"line":224,"column":6}},"55":{"start":{"line":226,"column":4},"end":{"line":226,"column":49}},"56":{"start":{"line":230,"column":19},"end":{"line":234,"column":6}},"57":{"start":{"line":236,"column":4},"end":{"line":236,"column":39}},"58":{"start":{"line":242,"column":19},"end":{"line":242,"column":36}},"59":{"start":{"line":243,"column":4},"end":{"line":243,"column":68}},"60":{"start":{"line":27,"column":13},"end":{"line":27,"column":24}},"61":{"start":{"line":27,"column":13},"end":{"line":245,"column":null}}},"fnMap":{"0":{"name":"(anonymous_2)","decl":{"start":{"line":30,"column":2},"end":{"line":30,"column":null}},"loc":{"start":{"line":33,"column":33},"end":{"line":44,"column":3}}},"1":{"name":"(anonymous_3)","decl":{"start":{"line":46,"column":2},"end":{"line":46,"column":7}},"loc":{"start":{"line":46,"column":43},"end":{"line":99,"column":3}}},"2":{"name":"(anonymous_4)","decl":{"start":{"line":101,"column":2},"end":{"line":101,"column":7}},"loc":{"start":{"line":101,"column":37},"end":{"line":151,"column":3}}},"3":{"name":"(anonymous_5)","decl":{"start":{"line":153,"column":2},"end":{"line":153,"column":7}},"loc":{"start":{"line":153,"column":40},"end":{"line":166,"column":3}}},"4":{"name":"(anonymous_6)","decl":{"start":{"line":168,"column":2},"end":{"line":168,"column":7}},"loc":{"start":{"line":168,"column":43},"end":{"line":182,"column":3}}},"5":{"name":"(anonymous_7)","decl":{"start":{"line":184,"column":2},"end":{"line":184,"column":15}},"loc":{"start":{"line":184,"column":54},"end":{"line":186,"column":3}}},"6":{"name":"(anonymous_8)","decl":{"start":{"line":188,"column":2},"end":{"line":188,"column":18}},"loc":{"start":{"line":188,"column":60},"end":{"line":190,"column":3}}},"7":{"name":"(anonymous_9)","decl":{"start":{"line":189,"column":36},"end":{"line":189,"column":46}},"loc":{"start":{"line":189,"column":50},"end":{"line":189,"column":87}}},"8":{"name":"(anonymous_10)","decl":{"start":{"line":192,"column":2},"end":{"line":192,"column":19}},"loc":{"start":{"line":192,"column":61},"end":{"line":194,"column":3}}},"9":{"name":"(anonymous_11)","decl":{"start":{"line":193,"column":37},"end":{"line":193,"column":47}},"loc":{"start":{"line":193,"column":51},"end":{"line":193,"column":88}}},"10":{"name":"(anonymous_12)","decl":{"start":{"line":196,"column":2},"end":{"line":196,"column":16}},"loc":{"start":{"line":196,"column":45},"end":{"line":202,"column":3}}},"11":{"name":"(anonymous_13)","decl":{"start":{"line":204,"column":10},"end":{"line":204,"column":28}},"loc":{"start":{"line":204,"column":41},"end":{"line":227,"column":3}}},"12":{"name":"(anonymous_14)","decl":{"start":{"line":229,"column":10},"end":{"line":229,"column":23}},"loc":{"start":{"line":229,"column":36},"end":{"line":237,"column":3}}},"13":{"name":"(anonymous_15)","decl":{"start":{"line":239,"column":10},"end":{"line":239,"column":20}},"loc":{"start":{"line":239,"column":35},"end":{"line":244,"column":3}}}},"branchMap":{"0":{"loc":{"start":{"line":39,"column":4},"end":{"line":41,"column":5}},"type":"if","locations":[{"start":{"line":39,"column":4},"end":{"line":41,"column":5}}]},"1":{"loc":{"start":{"line":39,"column":8},"end":{"line":39,"column":36}},"type":"binary-expr","locations":[{"start":{"line":39,"column":8},"end":{"line":39,"column":20}},{"start":{"line":39,"column":24},"end":{"line":39,"column":36}}]},"2":{"loc":{"start":{"line":51,"column":6},"end":{"line":53,"column":7}},"type":"if","locations":[{"start":{"line":51,"column":6},"end":{"line":53,"column":7}}]},"3":{"loc":{"start":{"line":51,"column":10},"end":{"line":51,"column":24}},"type":"binary-expr","locations":[{"start":{"line":51,"column":10},"end":{"line":51,"column":15}},{"start":{"line":51,"column":19},"end":{"line":51,"column":24}}]},"4":{"loc":{"start":{"line":62,"column":6},"end":{"line":86,"column":7}},"type":"if","locations":[{"start":{"line":62,"column":6},"end":{"line":86,"column":7}}]},"5":{"loc":{"start":{"line":76,"column":8},"end":{"line":78,"column":9}},"type":"if","locations":[{"start":{"line":76,"column":8},"end":{"line":78,"column":9}}]},"6":{"loc":{"start":{"line":82,"column":17},"end":{"line":82,"column":33}},"type":"binary-expr","locations":[{"start":{"line":82,"column":17},"end":{"line":82,"column":27}},{"start":{"line":82,"column":31},"end":{"line":82,"column":33}}]},"7":{"loc":{"start":{"line":90,"column":15},"end":{"line":90,"column":31}},"type":"binary-expr","locations":[{"start":{"line":90,"column":15},"end":{"line":90,"column":25}},{"start":{"line":90,"column":29},"end":{"line":90,"column":31}}]},"8":{"loc":{"start":{"line":91,"column":14},"end":{"line":91,"column":36}},"type":"binary-expr","locations":[{"start":{"line":91,"column":14},"end":{"line":91,"column":26}},{"start":{"line":91,"column":30},"end":{"line":91,"column":36}}]},"9":{"loc":{"start":{"line":92,"column":45},"end":{"line":92,"column":67}},"type":"binary-expr","locations":[{"start":{"line":92,"column":45},"end":{"line":92,"column":57}},{"start":{"line":92,"column":61},"end":{"line":92,"column":67}}]},"10":{"loc":{"start":{"line":119,"column":6},"end":{"line":121,"column":7}},"type":"if","locations":[{"start":{"line":119,"column":6},"end":{"line":121,"column":7}}]},"11":{"loc":{"start":{"line":119,"column":10},"end":{"line":119,"column":27}},"type":"binary-expr","locations":[{"start":{"line":119,"column":10},"end":{"line":119,"column":15}},{"start":{"line":119,"column":19},"end":{"line":119,"column":27}}]},"12":{"loc":{"start":{"line":124,"column":6},"end":{"line":126,"column":7}},"type":"if","locations":[{"start":{"line":124,"column":6},"end":{"line":126,"column":7}}]},"13":{"loc":{"start":{"line":124,"column":10},"end":{"line":124,"column":73}},"type":"binary-expr","locations":[{"start":{"line":124,"column":10},"end":{"line":124,"column":28}},{"start":{"line":124,"column":32},"end":{"line":124,"column":73}}]},"14":{"loc":{"start":{"line":139,"column":14},"end":{"line":139,"column":40}},"type":"binary-expr","locations":[{"start":{"line":139,"column":14},"end":{"line":139,"column":30}},{"start":{"line":139,"column":34},"end":{"line":139,"column":40}}]},"15":{"loc":{"start":{"line":140,"column":21},"end":{"line":140,"column":95}},"type":"binary-expr","locations":[{"start":{"line":140,"column":21},"end":{"line":140,"column":40}},{"start":{"line":140,"column":44},"end":{"line":140,"column":95}}]},"16":{"loc":{"start":{"line":140,"column":68},"end":{"line":140,"column":94}},"type":"binary-expr","locations":[{"start":{"line":140,"column":68},"end":{"line":140,"column":84}},{"start":{"line":140,"column":88},"end":{"line":140,"column":94}}]},"17":{"loc":{"start":{"line":226,"column":11},"end":{"line":226,"column":48}},"type":"binary-expr","locations":[{"start":{"line":226,"column":11},"end":{"line":226,"column":28}},{"start":{"line":226,"column":32},"end":{"line":226,"column":48}}]},"18":{"loc":{"start":{"line":236,"column":11},"end":{"line":236,"column":38}},"type":"binary-expr","locations":[{"start":{"line":236,"column":11},"end":{"line":236,"column":23}},{"start":{"line":236,"column":27},"end":{"line":236,"column":38}}]}},"s":{"0":0,"1":0,"2":0,"3":0,"4":0,"5":0,"6":0,"7":0,"8":0,"9":0,"10":0,"11":0,"12":0,"13":0,"14":0,"15":0,"16":0,"17":0,"18":0,"19":0,"20":0,"21":0,"22":0,"23":0,"24":0,"25":0,"26":0,"27":0,"28":0,"29":0,"30":0,"31":0,"32":0,"33":0,"34":0,"35":0,"36":0,"37":0,"38":0,"39":0,"40":0,"41":0,"42":0,"43":0,"44":0,"45":0,"46":0,"47":0,"48":0,"49":0,"50":0,"51":0,"52":0,"53":0,"54":0,"55":0,"56":0,"57":0,"58":0,"59":0,"60":0,"61":0},"f":{"0":0,"1":0,"2":0,"3":0,"4":0,"5":0,"6":0,"7":0,"8":0,"9":0,"10":0,"11":0,"12":0,"13":0},"b":{"0":[0],"1":[0,0],"2":[0],"3":[0,0],"4":[0],"5":[0],"6":[0,0],"7":[0,0],"8":[0,0],"9":[0,0],"10":[0],"11":[0,0],"12":[0],"13":[0,0],"14":[0,0],"15":[0,0],"16":[0,0],"17":[0,0],"18":[0,0]}}
,"/Users/mac_1/Documents/GitHub/suna/services/chainlens-core/src/auth/constants/jwt.constants.ts": {"path":"/Users/mac_1/Documents/GitHub/suna/services/chainlens-core/src/auth/constants/jwt.constants.ts","statementMap":{"0":{"start":{"line":1,"column":13},"end":{"line":45,"column":11}}},"fnMap":{},"branchMap":{"0":{"loc":{"start":{"line":3,"column":10},"end":{"line":3,"column":79}},"type":"binary-expr","locations":[{"start":{"line":3,"column":10},"end":{"line":3,"column":32}},{"start":{"line":3,"column":36},"end":{"line":3,"column":79}}]},"1":{"loc":{"start":{"line":4,"column":14},"end":{"line":4,"column":49}},"type":"binary-expr","locations":[{"start":{"line":4,"column":14},"end":{"line":4,"column":40}},{"start":{"line":4,"column":44},"end":{"line":4,"column":49}}]},"2":{"loc":{"start":{"line":5,"column":22},"end":{"line":5,"column":64}},"type":"binary-expr","locations":[{"start":{"line":5,"column":22},"end":{"line":5,"column":56}},{"start":{"line":5,"column":60},"end":{"line":5,"column":64}}]},"3":{"loc":{"start":{"line":8,"column":16},"end":{"line":8,"column":78}},"type":"binary-expr","locations":[{"start":{"line":8,"column":16},"end":{"line":8,"column":40}},{"start":{"line":8,"column":44},"end":{"line":8,"column":78}}]},"4":{"loc":{"start":{"line":9,"column":21},"end":{"line":9,"column":69}},"type":"binary-expr","locations":[{"start":{"line":9,"column":21},"end":{"line":9,"column":50}},{"start":{"line":9,"column":54},"end":{"line":9,"column":69}}]},"5":{"loc":{"start":{"line":10,"column":29},"end":{"line":10,"column":93}},"type":"binary-expr","locations":[{"start":{"line":10,"column":29},"end":{"line":10,"column":66}},{"start":{"line":10,"column":70},"end":{"line":10,"column":93}}]}},"s":{"0":1},"f":{},"b":{"0":[1,1],"1":[1,1],"2":[1,1],"3":[1,1],"4":[1,1],"5":[1,1]}}
,"/Users/mac_1/Documents/GitHub/suna/services/chainlens-core/src/auth/controllers/auth-test.controller.ts": {"path":"/Users/mac_1/Documents/GitHub/suna/services/chainlens-core/src/auth/controllers/auth-test.controller.ts","statementMap":{"0":{"start":{"line":1,"column":0},"end":{"line":1,"column":72}},"1":{"start":{"line":2,"column":0},"end":{"line":2,"column":84}},"2":{"start":{"line":3,"column":0},"end":{"line":3,"column":41}},"3":{"start":{"line":4,"column":0},"end":{"line":4,"column":56}},"4":{"start":{"line":5,"column":0},"end":{"line":5,"column":63}},"5":{"start":{"line":6,"column":0},"end":{"line":6,"column":56}},"6":{"start":{"line":7,"column":0},"end":{"line":7,"column":54}},"7":{"start":{"line":8,"column":0},"end":{"line":8,"column":52}},"8":{"start":{"line":9,"column":0},"end":{"line":9,"column":72}},"9":{"start":{"line":10,"column":0},"end":{"line":10,"column":69}},"10":{"start":{"line":14,"column":7},"end":{"line":125,"column":null}},"11":{"start":{"line":16,"column":12},"end":{"line":16,"column":24}},"12":{"start":{"line":17,"column":12},"end":{"line":17,"column":20}},"13":{"start":{"line":25,"column":20},"end":{"line":31,"column":6}},"14":{"start":{"line":33,"column":18},"end":{"line":33,"column":47}},"15":{"start":{"line":35,"column":4},"end":{"line":39,"column":7}},"16":{"start":{"line":41,"column":4},"end":{"line":46,"column":6}},"17":{"start":{"line":56,"column":4},"end":{"line":56,"column":63}},"18":{"start":{"line":58,"column":4},"end":{"line":67,"column":6}},"19":{"start":{"line":79,"column":4},"end":{"line":82,"column":7}},"20":{"start":{"line":84,"column":4},"end":{"line":90,"column":6}},"21":{"start":{"line":99,"column":4},"end":{"line":102,"column":7}},"22":{"start":{"line":104,"column":4},"end":{"line":112,"column":6}},"23":{"start":{"line":120,"column":4},"end":{"line":123,"column":6}},"24":{"start":{"line":14,"column":13},"end":{"line":14,"column":31}},"25":{"start":{"line":24,"column":8},"end":{"line":47,"column":null}},"26":{"start":{"line":55,"column":8},"end":{"line":68,"column":null}},"27":{"start":{"line":78,"column":8},"end":{"line":91,"column":null}},"28":{"start":{"line":98,"column":8},"end":{"line":113,"column":null}},"29":{"start":{"line":119,"column":8},"end":{"line":124,"column":null}},"30":{"start":{"line":14,"column":13},"end":{"line":125,"column":null}}},"fnMap":{"0":{"name":"(anonymous_4)","decl":{"start":{"line":15,"column":2},"end":{"line":15,"column":null}},"loc":{"start":{"line":17,"column":33},"end":{"line":18,"column":6}}},"1":{"name":"(anonymous_5)","decl":{"start":{"line":24,"column":2},"end":{"line":24,"column":7}},"loc":{"start":{"line":24,"column":88},"end":{"line":47,"column":3}}},"2":{"name":"(anonymous_6)","decl":{"start":{"line":55,"column":2},"end":{"line":55,"column":7}},"loc":{"start":{"line":55,"column":44},"end":{"line":68,"column":3}}},"3":{"name":"(anonymous_7)","decl":{"start":{"line":78,"column":2},"end":{"line":78,"column":7}},"loc":{"start":{"line":78,"column":51},"end":{"line":91,"column":3}}},"4":{"name":"(anonymous_8)","decl":{"start":{"line":98,"column":2},"end":{"line":98,"column":7}},"loc":{"start":{"line":98,"column":44},"end":{"line":113,"column":3}}},"5":{"name":"(anonymous_9)","decl":{"start":{"line":119,"column":2},"end":{"line":119,"column":7}},"loc":{"start":{"line":119,"column":24},"end":{"line":124,"column":3}}}},"branchMap":{"0":{"loc":{"start":{"line":27,"column":13},"end":{"line":27,"column":47}},"type":"binary-expr","locations":[{"start":{"line":27,"column":13},"end":{"line":27,"column":23}},{"start":{"line":27,"column":27},"end":{"line":27,"column":47}}]},"1":{"loc":{"start":{"line":28,"column":12},"end":{"line":28,"column":49}},"type":"binary-expr","locations":[{"start":{"line":28,"column":12},"end":{"line":28,"column":21}},{"start":{"line":28,"column":25},"end":{"line":28,"column":49}}]},"2":{"loc":{"start":{"line":29,"column":12},"end":{"line":29,"column":31}},"type":"binary-expr","locations":[{"start":{"line":29,"column":12},"end":{"line":29,"column":21}},{"start":{"line":29,"column":25},"end":{"line":29,"column":31}}]},"3":{"loc":{"start":{"line":87,"column":16},"end":{"line":89,"column":52}},"type":"cond-expr","locations":[{"start":{"line":88,"column":10},"end":{"line":88,"column":84}},{"start":{"line":89,"column":10},"end":{"line":89,"column":52}}]}},"s":{"0":0,"1":0,"2":0,"3":0,"4":0,"5":0,"6":0,"7":0,"8":0,"9":0,"10":0,"11":0,"12":0,"13":0,"14":0,"15":0,"16":0,"17":0,"18":0,"19":0,"20":0,"21":0,"22":0,"23":0,"24":0,"25":0,"26":0,"27":0,"28":0,"29":0,"30":0},"f":{"0":0,"1":0,"2":0,"3":0,"4":0,"5":0},"b":{"0":[0,0],"1":[0,0],"2":[0,0],"3":[0,0]}}
,"/Users/mac_1/Documents/GitHub/suna/services/chainlens-core/src/auth/controllers/user.controller.ts": {"path":"/Users/mac_1/Documents/GitHub/suna/services/chainlens-core/src/auth/controllers/user.controller.ts","statementMap":{"0":{"start":{"line":1,"column":0},"end":{"line":1,"column":null}},"1":{"start":{"line":14,"column":0},"end":{"line":14,"column":104}},"2":{"start":{"line":15,"column":0},"end":{"line":15,"column":68}},"3":{"start":{"line":16,"column":0},"end":{"line":16,"column":55}},"4":{"start":{"line":17,"column":0},"end":{"line":17,"column":55}},"5":{"start":{"line":19,"column":0},"end":{"line":19,"column":56}},"6":{"start":{"line":20,"column":0},"end":{"line":20,"column":51}},"7":{"start":{"line":21,"column":0},"end":{"line":21,"column":54}},"8":{"start":{"line":22,"column":0},"end":{"line":22,"column":67}},"9":{"start":{"line":24,"column":0},"end":{"line":24,"column":69}},"10":{"start":{"line":30,"column":7},"end":{"line":340,"column":null}},"11":{"start":{"line":32,"column":12},"end":{"line":32,"column":25}},"12":{"start":{"line":33,"column":12},"end":{"line":33,"column":20}},"13":{"start":{"line":50,"column":4},"end":{"line":53,"column":7}},"14":{"start":{"line":55,"column":17},"end":{"line":55,"column":65}},"15":{"start":{"line":57,"column":4},"end":{"line":68,"column":6}},"16":{"start":{"line":77,"column":4},"end":{"line":77,"column":82}},"17":{"start":{"line":79,"column":17},"end":{"line":79,"column":67}},"18":{"start":{"line":81,"column":4},"end":{"line":92,"column":6}},"19":{"start":{"line":108,"column":4},"end":{"line":111,"column":7}},"20":{"start":{"line":113,"column":17},"end":{"line":113,"column":59}},"21":{"start":{"line":115,"column":4},"end":{"line":126,"column":6}},"22":{"start":{"line":141,"column":4},"end":{"line":144,"column":7}},"23":{"start":{"line":146,"column":4},"end":{"line":159,"column":5}},"24":{"start":{"line":147,"column":6},"end":{"line":158,"column":8}},"25":{"start":{"line":161,"column":17},"end":{"line":161,"column":61}},"26":{"start":{"line":163,"column":4},"end":{"line":174,"column":6}},"27":{"start":{"line":192,"column":4},"end":{"line":196,"column":7}},"28":{"start":{"line":198,"column":17},"end":{"line":198,"column":73}},"29":{"start":{"line":200,"column":4},"end":{"line":211,"column":6}},"30":{"start":{"line":224,"column":4},"end":{"line":227,"column":7}},"31":{"start":{"line":229,"column":17},"end":{"line":229,"column":81}},"32":{"start":{"line":231,"column":4},"end":{"line":242,"column":6}},"33":{"start":{"line":260,"column":4},"end":{"line":264,"column":7}},"34":{"start":{"line":266,"column":17},"end":{"line":266,"column":74}},"35":{"start":{"line":268,"column":4},"end":{"line":279,"column":6}},"36":{"start":{"line":296,"column":4},"end":{"line":299,"column":7}},"37":{"start":{"line":301,"column":17},"end":{"line":301,"column":65}},"38":{"start":{"line":303,"column":4},"end":{"line":314,"column":6}},"39":{"start":{"line":331,"column":4},"end":{"line":334,"column":7}},"40":{"start":{"line":336,"column":4},"end":{"line":336,"column":50}},"41":{"start":{"line":338,"column":4},"end":{"line":338,"column":91}},"42":{"start":{"line":30,"column":13},"end":{"line":30,"column":27}},"43":{"start":{"line":46,"column":8},"end":{"line":69,"column":null}},"44":{"start":{"line":76,"column":8},"end":{"line":93,"column":null}},"45":{"start":{"line":104,"column":8},"end":{"line":127,"column":null}},"46":{"start":{"line":137,"column":8},"end":{"line":175,"column":null}},"47":{"start":{"line":187,"column":8},"end":{"line":212,"column":null}},"48":{"start":{"line":220,"column":8},"end":{"line":243,"column":null}},"49":{"start":{"line":255,"column":8},"end":{"line":280,"column":null}},"50":{"start":{"line":292,"column":8},"end":{"line":315,"column":null}},"51":{"start":{"line":327,"column":8},"end":{"line":339,"column":null}},"52":{"start":{"line":30,"column":13},"end":{"line":340,"column":null}}},"fnMap":{"0":{"name":"(anonymous_4)","decl":{"start":{"line":31,"column":2},"end":{"line":31,"column":null}},"loc":{"start":{"line":33,"column":33},"end":{"line":34,"column":6}}},"1":{"name":"(anonymous_5)","decl":{"start":{"line":46,"column":2},"end":{"line":46,"column":7}},"loc":{"start":{"line":48,"column":43},"end":{"line":69,"column":3}}},"2":{"name":"(anonymous_6)","decl":{"start":{"line":76,"column":2},"end":{"line":76,"column":7}},"loc":{"start":{"line":76,"column":62},"end":{"line":93,"column":3}}},"3":{"name":"(anonymous_7)","decl":{"start":{"line":104,"column":2},"end":{"line":104,"column":7}},"loc":{"start":{"line":106,"column":43},"end":{"line":127,"column":3}}},"4":{"name":"(anonymous_8)","decl":{"start":{"line":137,"column":2},"end":{"line":137,"column":7}},"loc":{"start":{"line":139,"column":44},"end":{"line":175,"column":3}}},"5":{"name":"(anonymous_9)","decl":{"start":{"line":187,"column":2},"end":{"line":187,"column":7}},"loc":{"start":{"line":190,"column":43},"end":{"line":212,"column":3}}},"6":{"name":"(anonymous_10)","decl":{"start":{"line":220,"column":2},"end":{"line":220,"column":7}},"loc":{"start":{"line":222,"column":43},"end":{"line":243,"column":3}}},"7":{"name":"(anonymous_11)","decl":{"start":{"line":255,"column":2},"end":{"line":255,"column":7}},"loc":{"start":{"line":258,"column":43},"end":{"line":280,"column":3}}},"8":{"name":"(anonymous_12)","decl":{"start":{"line":292,"column":2},"end":{"line":292,"column":7}},"loc":{"start":{"line":294,"column":43},"end":{"line":315,"column":3}}},"9":{"name":"(anonymous_13)","decl":{"start":{"line":327,"column":2},"end":{"line":327,"column":7}},"loc":{"start":{"line":329,"column":43},"end":{"line":339,"column":3}}}},"branchMap":{"0":{"loc":{"start":{"line":146,"column":4},"end":{"line":159,"column":5}},"type":"if","locations":[{"start":{"line":146,"column":4},"end":{"line":159,"column":5}}]},"1":{"loc":{"start":{"line":166,"column":15},"end":{"line":166,"column":33}},"type":"cond-expr","locations":[{"start":{"line":166,"column":22},"end":{"line":166,"column":28}},{"start":{"line":166,"column":31},"end":{"line":166,"column":33}}]},"2":{"loc":{"start":{"line":167,"column":17},"end":{"line":167,"column":70}},"type":"cond-expr","locations":[{"start":{"line":167,"column":24},"end":{"line":167,"column":36}},{"start":{"line":167,"column":39},"end":{"line":167,"column":70}}]}},"s":{"0":0,"1":0,"2":0,"3":0,"4":0,"5":0,"6":0,"7":0,"8":0,"9":0,"10":0,"11":0,"12":0,"13":0,"14":0,"15":0,"16":0,"17":0,"18":0,"19":0,"20":0,"21":0,"22":0,"23":0,"24":0,"25":0,"26":0,"27":0,"28":0,"29":0,"30":0,"31":0,"32":0,"33":0,"34":0,"35":0,"36":0,"37":0,"38":0,"39":0,"40":0,"41":0,"42":0,"43":0,"44":0,"45":0,"46":0,"47":0,"48":0,"49":0,"50":0,"51":0,"52":0},"f":{"0":0,"1":0,"2":0,"3":0,"4":0,"5":0,"6":0,"7":0,"8":0,"9":0},"b":{"0":[0],"1":[0,0],"2":[0,0]}}
,"/Users/mac_1/Documents/GitHub/suna/services/chainlens-core/src/auth/decorators/current-user.decorator.ts": {"path":"/Users/mac_1/Documents/GitHub/suna/services/chainlens-core/src/auth/decorators/current-user.decorator.ts","statementMap":{"0":{"start":{"line":1,"column":0},"end":{"line":1,"column":72}},"1":{"start":{"line":4,"column":13},"end":{"line":9,"column":2}},"2":{"start":{"line":6,"column":20},"end":{"line":6,"column":51}},"3":{"start":{"line":7,"column":4},"end":{"line":7,"column":24}}},"fnMap":{"0":{"name":"(anonymous_0)","decl":{"start":{"line":5,"column":2},"end":{"line":5,"column":3}},"loc":{"start":{"line":5,"column":56},"end":{"line":8,"column":3}}}},"branchMap":{},"s":{"0":0,"1":0,"2":0,"3":0},"f":{"0":0},"b":{}}
[...]
olumn":63}},{"start":{"line":158,"column":67},"end":{"line":158,"column":72}}]},"9":{"loc":{"start":{"line":165,"column":21},"end":{"line":165,"column":56}},"type":"binary-expr","locations":[{"start":{"line":165,"column":21},"end":{"line":165,"column":47}},{"start":{"line":165,"column":51},"end":{"line":165,"column":56}}]},"10":{"loc":{"start":{"line":182,"column":29},"end":{"line":182,"column":77}},"type":"binary-expr","locations":[{"start":{"line":182,"column":29},"end":{"line":182,"column":68}},{"start":{"line":182,"column":72},"end":{"line":182,"column":77}}]},"11":{"loc":{"start":{"line":232,"column":8},"end":{"line":232,"column":27}},"type":"binary-expr","locations":[{"start":{"line":232,"column":8},"end":{"line":232,"column":20}},{"start":{"line":232,"column":24},"end":{"line":232,"column":27}}]},"12":{"loc":{"start":{"line":238,"column":16},"end":{"line":238,"column":67}},"type":"cond-expr","locations":[{"start":{"line":238,"column":48},"end":{"line":238,"column":57}},{"start":{"line":238,"column":60},"end":{"line":238,"column":67}}]},"13":{"loc":{"start":{"line":254,"column":4},"end":{"line":256,"column":5}},"type":"if","locations":[{"start":{"line":254,"column":4},"end":{"line":256,"column":5}}]},"14":{"loc":{"start":{"line":263,"column":4},"end":{"line":265,"column":5}},"type":"if","locations":[{"start":{"line":263,"column":4},"end":{"line":265,"column":5}}]},"15":{"loc":{"start":{"line":268,"column":4},"end":{"line":279,"column":5}},"type":"if","locations":[{"start":{"line":268,"column":4},"end":{"line":279,"column":5}}]},"16":{"loc":{"start":{"line":268,"column":8},"end":{"line":268,"column":90}},"type":"binary-expr","locations":[{"start":{"line":268,"column":8},"end":{"line":268,"column":46}},{"start":{"line":268,"column":50},"end":{"line":268,"column":90}}]},"17":{"loc":{"start":{"line":269,"column":27},"end":{"line":269,"column":65}},"type":"binary-expr","locations":[{"start":{"line":269,"column":27},"end":{"line":269,"column":59}},{"start":{"line":269,"column":63},"end":{"line":269,"column":65}}]},"18":{"loc":{"start":{"line":270,"column":30},"end":{"line":270,"column":76}},"type":"binary-expr","locations":[{"start":{"line":270,"column":30},"end":{"line":270,"column":71}},{"start":{"line":270,"column":75},"end":{"line":270,"column":76}}]},"19":{"loc":{"start":{"line":272,"column":6},"end":{"line":274,"column":7}},"type":"if","locations":[{"start":{"line":272,"column":6},"end":{"line":274,"column":7}}]},"20":{"loc":{"start":{"line":272,"column":10},"end":{"line":272,"column":50}},"type":"binary-expr","locations":[{"start":{"line":272,"column":10},"end":{"line":272,"column":27}},{"start":{"line":272,"column":31},"end":{"line":272,"column":50}}]},"21":{"loc":{"start":{"line":276,"column":6},"end":{"line":278,"column":7}},"type":"if","locations":[{"start":{"line":276,"column":6},"end":{"line":278,"column":7}}]},"22":{"loc":{"start":{"line":276,"column":10},"end":{"line":276,"column":50}},"type":"binary-expr","locations":[{"start":{"line":276,"column":10},"end":{"line":276,"column":27}},{"start":{"line":276,"column":31},"end":{"line":276,"column":50}}]}},"s":{"0":0,"1":0,"2":0,"3":0,"4":0,"5":0,"6":0,"7":0,"8":0,"9":0,"10":0,"11":0,"12":0,"13":0,"14":0,"15":0,"16":0,"17":0,"18":0,"19":0,"20":0,"21":0,"22":0,"23":0,"24":0,"25":0,"26":0,"27":0,"28":0,"29":0,"30":0,"31":0,"32":0,"33":0,"34":0,"35":0,"36":0,"37":0,"38":0,"39":0,"40":0,"41":0,"42":0,"43":0,"44":0,"45":0,"46":0,"47":0,"48":0,"49":0,"50":0,"51":0,"52":0,"53":0,"54":0,"55":0,"56":0,"57":0,"58":0,"59":0,"60":0,"61":0,"62":0,"63":0,"64":0,"65":0,"66":0,"67":0,"68":0,"69":0,"70":0,"71":0,"72":0,"73":0,"74":0,"75":0,"76":0,"77":0,"78":0,"79":0,"80":0,"81":0,"82":0,"83":0,"84":0,"85":0,"86":0},"f":{"0":0,"1":0,"2":0,"3":0,"4":0,"5":0,"6":0,"7":0,"8":0,"9":0,"10":0,"11":0,"12":0,"13":0},"b":{"0":[0,0],"1":[0],"2":[0],"3":[0,0],"4":[0,0,0,0,0,0],"5":[0,0,0,0,0],"6":[0,0],"7":[0,0],"8":[0,0],"9":[0,0],"10":[0,0],"11":[0,0],"12":[0,0],"13":[0],"14":[0],"15":[0],"16":[0,0],"17":[0,0],"18":[0,0],"19":[0],"20":[0,0],"21":[0],"22":[0,0]}}
,"/Users/mac_1/Documents/GitHub/suna/services/chainlens-core/src/orchestration/service-client.service.ts": {"path":"/Users/mac_1/Documents/GitHub/suna/services/chainlens-core/src/orchestration/service-client.service.ts","statementMap":{"0":{"start":{"line":1,"column":0},"end":{"line":1,"column":59}},"1":{"start":{"line":2,"column":0},"end":{"line":2,"column":44}},"2":{"start":{"line":3,"column":0},"end":{"line":3,"column":47}},"3":{"start":{"line":4,"column":0},"end":{"line":4,"column":38}},"4":{"start":{"line":6,"column":0},"end":{"line":6,"column":66}},"5":{"start":{"line":16,"column":7},"end":{"line":292,"column":null}},"6":{"start":{"line":20,"column":12},"end":{"line":20,"column":25}},"7":{"start":{"line":21,"column":12},"end":{"line":21,"column":27}},"8":{"start":{"line":22,"column":12},"end":{"line":22,"column":20}},"9":{"start":{"line":24,"column":4},"end":{"line":49,"column":7}},"10":{"start":{"line":58,"column":26},"end":{"line":58,"column":64}},"11":{"start":{"line":60,"column":4},"end":{"line":62,"column":5}},"12":{"start":{"line":61,"column":6},"end":{"line":61,"column":57}},"13":{"start":{"line":64,"column":16},"end":{"line":64,"column":49}},"14":{"start":{"line":65,"column":22},"end":{"line":65,"column":32}},"15":{"start":{"line":67,"column":4},"end":{"line":72,"column":7}},"16":{"start":{"line":74,"column":4},"end":{"line":106,"column":5}},"17":{"start":{"line":75,"column":23},"end":{"line":80,"column":null}},"18":{"start":{"line":76,"column":14},"end":{"line":76,"column":75}},"19":{"start":{"line":83,"column":27},"end":{"line":83,"column":49}},"20":{"start":{"line":85,"column":6},"end":{"line":91,"column":9}},"21":{"start":{"line":93,"column":6},"end":{"line":93,"column":27}},"22":{"start":{"line":95,"column":27},"end":{"line":95,"column":49}},"23":{"start":{"line":97,"column":6},"end":{"line":103,"column":9}},"24":{"start":{"line":105,"column":6},"end":{"line":105,"column":66}},"25":{"start":{"line":114,"column":26},"end":{"line":114,"column":64}},"26":{"start":{"line":116,"column":4},"end":{"line":122,"column":5}},"27":{"start":{"line":117,"column":6},"end":{"line":121,"column":8}},"28":{"start":{"line":124,"column":16},"end":{"line":124,"column":45}},"29":{"start":{"line":125,"column":22},"end":{"line":125,"column":32}},"30":{"start":{"line":127,"column":4},"end":{"line":152,"column":5}},"31":{"start":{"line":128,"column":23},"end":{"line":135,"column":null}},"32":{"start":{"line":138,"column":27},"end":{"line":138,"column":49}},"33":{"start":{"line":140,"column":6},"end":{"line":143,"column":8}},"34":{"start":{"line":145,"column":27},"end":{"line":145,"column":49}},"35":{"start":{"line":147,"column":6},"end":{"line":151,"column":8}},"36":{"start":{"line":160,"column":25},"end":{"line":163,"column":6}},"37":{"start":{"line":161,"column":21},"end":{"line":161,"column":56}},"38":{"start":{"line":162,"column":6},"end":{"line":162,"column":37}},"39":{"start":{"line":165,"column":20},"end":{"line":165,"column":51}},"40":{"start":{"line":167,"column":4},"end":{"line":170,"column":11}},"41":{"start":{"line":168,"column":6},"end":{"line":168,"column":32}},"42":{"start":{"line":169,"column":6},"end":{"line":169,"column":17}},"43":{"start":{"line":179,"column":4},"end":{"line":190,"column":6}},"44":{"start":{"line":188,"column":36},"end":{"line":188,"column":48}},"45":{"start":{"line":202,"column":4},"end":{"line":230,"column":5}},"46":{"start":{"line":202,"column":23},"end":{"line":202,"column":24}},"47":{"start":{"line":203,"column":6},"end":{"line":229,"column":7}},"48":{"start":{"line":204,"column":8},"end":{"line":204,"column":33}},"49":{"start":{"line":206,"column":8},"end":{"line":206,"column":26}},"50":{"start":{"line":209,"column":8},"end":{"line":211,"column":9}},"51":{"start":{"line":210,"column":10},"end":{"line":210,"column":22}},"52":{"start":{"line":214,"column":8},"end":{"line":216,"column":9}},"53":{"start":{"line":215,"column":10},"end":{"line":215,"column":16}},"54":{"start":{"line":218,"column":22},"end":{"line":218,"column":59}},"55":{"start":{"line":220,"column":8},"end":{"line":226,"column":11}},"56":{"start":{"line":228,"column":8},"end":{"line":228,"column":32}},"57":{"start":{"line":232,"column":4},"end":{"line":232,"column":20}},"58":{"start":{"line":236,"column":4},"end":{"line":238,"column":5}},"59":{"start":{"line":237,"column":6},"end":{"line":237,"column":73}},"60":{"start":{"line":239,"column":4},"end":{"line":239,"column":17}},"61":{"start":{"line":243,"column":4},"end":{"line":245,"column":5}},"62":{"start":{"line":244,"column":6},"end":{"line":244,"column":64}},"63":{"start":{"line":247,"column":4},"end":{"line":249,"column":5}},"64":{"start":{"line":248,"column":6},"end":{"line":248,"column":57}},"65":{"start":{"line":251,"column":4},"end":{"line":262,"column":5}},"66":{"start":{"line":252,"column":21},"end":{"line":252,"column":42}},"67":{"start":{"line":253,"column":22},"end":{"line":253,"column":79}},"68":{"start":{"line":255,"column":6},"end":{"line":257,"column":7}},"69":{"start":{"line":256,"column":8},"end":{"line":256,"column":85}},"70":{"start":{"line":259,"column":6},"end":{"line":261,"column":7}},"71":{"start":{"line":260,"column":8},"end":{"line":260,"column":78}},"72":{"start":{"line":264,"column":4},"end":{"line":264,"column":71}},"73":{"start":{"line":268,"column":4},"end":{"line":268,"column":59}},"74":{"start":{"line":268,"column":34},"end":{"line":268,"column":57}},"75":{"start":{"line":273,"column":4},"end":{"line":273,"column":58}},"76":{"start":{"line":278,"column":26},"end":{"line":278,"column":64}},"77":{"start":{"line":280,"column":4},"end":{"line":290,"column":5}},"78":{"start":{"line":281,"column":6},"end":{"line":284,"column":9}},"79":{"start":{"line":286,"column":6},"end":{"line":289,"column":9}},"80":{"start":{"line":16,"column":13},"end":{"line":16,"column":33}},"81":{"start":{"line":16,"column":13},"end":{"line":292,"column":null}}},"fnMap":{"0":{"name":"(anonymous_2)","decl":{"start":{"line":19,"column":2},"end":{"line":19,"column":null}},"loc":{"start":{"line":22,"column":33},"end":{"line":50,"column":3}}},"1":{"name":"(anonymous_3)","decl":{"start":{"line":52,"column":2},"end":{"line":52,"column":7}},"loc":{"start":{"line":56,"column":25},"end":{"line":107,"column":3}}},"2":{"name":"(anonymous_4)","decl":{"start":{"line":76,"column":8},"end":{"line":76,"column":11}},"loc":{"start":{"line":76,"column":14},"end":{"line":76,"column":75}}},"3":{"name":"(anonymous_5)","decl":{"start":{"line":109,"column":2},"end":{"line":109,"column":7}},"loc":{"start":{"line":109,"column":39},"end":{"line":153,"column":3}}},"4":{"name":"(anonymous_6)","decl":{"start":{"line":155,"column":2},"end":{"line":155,"column":7}},"loc":{"start":{"line":155,"column":28},"end":{"line":171,"column":3}}},"5":{"name":"(anonymous_7)","decl":{"start":{"line":160,"column":70},"end":{"line":160,"column":75}},"loc":{"start":{"line":160,"column":90},"end":{"line":163,"column":5}}},"6":{"name":"(anonymous_8)","decl":{"start":{"line":167,"column":26},"end":{"line":167,"column":27}},"loc":{"start":{"line":167,"column":59},"end":{"line":170,"column":5}}},"7":{"name":"(anonymous_9)","decl":{"start":{"line":173,"column":10},"end":{"line":173,"column":15}},"loc":{"start":{"line":177,"column":25},"end":{"line":191,"column":3}}},"8":{"name":"(anonymous_10)","decl":{"start":{"line":188,"column":24},"end":{"line":188,"column":25}},"loc":{"start":{"line":188,"column":36},"end":{"line":188,"column":48}}},"9":{"name":"(anonymous_11)","decl":{"start":{"line":193,"column":10},"end":{"line":193,"column":15}},"loc":{"start":{"line":198,"column":25},"end":{"line":233,"column":3}}},"10":{"name":"(anonymous_12)","decl":{"start":{"line":235,"column":10},"end":{"line":235,"column":23}},"loc":{"start":{"line":235,"column":34},"end":{"line":240,"column":3}}},"11":{"name":"(anonymous_13)","decl":{"start":{"line":242,"column":10},"end":{"line":242,"column":28}},"loc":{"start":{"line":242,"column":78},"end":{"line":265,"column":3}}},"12":{"name":"(anonymous_14)","decl":{"start":{"line":267,"column":10},"end":{"line":267,"column":15}},"loc":{"start":{"line":267,"column":26},"end":{"line":269,"column":3}}},"13":{"name":"(anonymous_15)","decl":{"start":{"line":268,"column":23},"end":{"line":268,"column":30}},"loc":{"start":{"line":268,"column":34},"end":{"line":268,"column":57}}},"14":{"name":"(anonymous_16)","decl":{"start":{"line":272,"column":2},"end":{"line":272,"column":18}},"loc":{"start":{"line":272,"column":38},"end":{"line":274,"column":3}}},"15":{"name":"(anonymous_17)","decl":{"start":{"line":277,"column":2},"end":{"line":277,"column":21}},"loc":{"start":{"line":277,"column":75},"end":{"line":291,"column":3}}}},"branchMap":{"0":{"loc":{"start":{"line":60,"column":4},"end":{"line":62,"column":5}},"type":"if","locations":[{"start":{"line":60,"column":4},"end":{"line":62,"column":5}}]},"1":{"loc":{"start":{"line":116,"column":4},"end":{"line":122,"column":5}},"type":"if","locations":[{"start":{"line":116,"column":4},"end":{"line":122,"column":5}}]},"2":{"loc":{"start":{"line":141,"column":16},"end":{"line":141,"column":65}},"type":"cond-expr","locations":[{"start":{"line":141,"column":42},"end":{"line":141,"column":51}},{"start":{"line":141,"column":54},"end":{"line":141,"column":65}}]},"3":{"loc":{"start":{"line":209,"column":8},"end":{"line":211,"column":9}},"type":"if","locations":[{"start":{"line":209,"column":8},"end":{"line":211,"column":9}}]},"4":{"loc":{"start":{"line":214,"column":8},"end":{"line":216,"column":9}},"type":"if","locations":[{"start":{"line":214,"column":8},"end":{"line":216,"column":9}}]},"5":{"loc":{"start":{"line":236,"column":4},"end":{"line":238,"column":5}},"type":"if","locations":[{"start":{"line":236,"column":4},"end":{"line":238,"column":5}}]},"6":{"loc":{"start":{"line":236,"column":8},"end":{"line":236,"column":47}},"type":"binary-expr","locations":[{"start":{"line":236,"column":8},"end":{"line":236,"column":22}},{"start":{"line":236,"column":26},"end":{"line":236,"column":47}}]},"7":{"loc":{"start":{"line":237,"column":13},"end":{"line":237,"column":72}},"type":"binary-expr","locations":[{"start":{"line":237,"column":13},"end":{"line":237,"column":41}},{"start":{"line":237,"column":45},"end":{"line":237,"column":72}}]},"8":{"loc":{"start":{"line":243,"column":4},"end":{"line":245,"column":5}},"type":"if","locations":[{"start":{"line":243,"column":4},"end":{"line":245,"column":5}}]},"9":{"loc":{"start":{"line":247,"column":4},"end":{"line":249,"column":5}},"type":"if","locations":[{"start":{"line":247,"column":4},"end":{"line":249,"column":5}}]},"10":{"loc":{"start":{"line":247,"column":8},"end":{"line":247,"column":67}},"type":"binary-expr","locations":[{"start":{"line":247,"column":8},"end":{"line":247,"column":34}},{"start":{"line":247,"column":38},"end":{"line":247,"column":67}}]},"11":{"loc":{"start":{"line":251,"column":4},"end":{"line":262,"column":5}},"type":"if","locations":[{"start":{"line":251,"column":4},"end":{"line":262,"column":5}}]},"12":{"loc":{"start":{"line":253,"column":22},"end":{"line":253,"column":79}},"type":"binary-expr","locations":[{"start":{"line":253,"column":22},"end":{"line":253,"column":50}},{"start":{"line":253,"column":54},"end":{"line":253,"column":79}}]},"13":{"loc":{"start":{"line":255,"column":6},"end":{"line":257,"column":7}},"type":"if","locations":[{"start":{"line":255,"column":6},"end":{"line":257,"column":7}}]},"14":{"loc":{"start":{"line":255,"column":10},"end":{"line":255,"column":39}},"type":"binary-expr","locations":[{"start":{"line":255,"column":10},"end":{"line":255,"column":23}},{"start":{"line":255,"column":27},"end":{"line":255,"column":39}}]},"15":{"loc":{"start":{"line":259,"column":6},"end":{"line":261,"column":7}},"type":"if","locations":[{"start":{"line":259,"column":6},"end":{"line":261,"column":7}}]},"16":{"loc":{"start":{"line":273,"column":11},"end":{"line":273,"column":57}},"type":"binary-expr","locations":[{"start":{"line":273,"column":11},"end":{"line":273,"column":49}},{"start":{"line":273,"column":53},"end":{"line":273,"column":57}}]},"17":{"loc":{"start":{"line":280,"column":4},"end":{"line":290,"column":5}},"type":"if","locations":[{"start":{"line":280,"column":4},"end":{"line":290,"column":5}}]}},"s":{"0":0,"1":0,"2":0,"3":0,"4":0,"5":0,"6":0,"7":0,"8":0,"9":0,"10":0,"11":0,"12":0,"13":0,"14":0,"15":0,"16":0,"17":0,"18":0,"19":0,"20":0,"21":0,"22":0,"23":0,"24":0,"25":0,"26":0,"27":0,"28":0,"29":0,"30":0,"31":0,"32":0,"33":0,"34":0,"35":0,"36":0,"37":0,"38":0,"39":0,"40":0,"41":0,"42":0,"43":0,"44":0,"45":0,"46":0,"47":0,"48":0,"49":0,"50":0,"51":0,"52":0,"53":0,"54":0,"55":0,"56":0,"57":0,"58":0,"59":0,"60":0,"61":0,"62":0,"63":0,"64":0,"65":0,"66":0,"67":0,"68":0,"69":0,"70":0,"71":0,"72":0,"73":0,"74":0,"75":0,"76":0,"77":0,"78":0,"79":0,"80":0,"81":0},"f":{"0":0,"1":0,"2":0,"3":0,"4":0,"5":0,"6":0,"7":0,"8":0,"9":0,"10":0,"11":0,"12":0,"13":0,"14":0,"15":0},"b":{"0":[0],"1":[0],"2":[0,0],"3":[0],"4":[0],"5":[0],"6":[0,0],"7":[0,0],"8":[0],"9":[0],"10":[0,0],"11":[0],"12":[0,0],"13":[0],"14":[0,0],"15":[0],"16":[0,0],"17":[0]}}
,"/Users/mac_1/Documents/GitHub/suna/services/chainlens-core/src/simple-health/simple-health.controller.ts": {"path":"/Users/mac_1/Documents/GitHub/suna/services/chainlens-core/src/simple-health/simple-health.controller.ts","statementMap":{"0":{"start":{"line":1,"column":0},"end":{"line":1,"column":49}},"1":{"start":{"line":2,"column":0},"end":{"line":2,"column":69}},"2":{"start":{"line":6,"column":7},"end":{"line":56,"column":null}},"3":{"start":{"line":11,"column":4},"end":{"line":18,"column":6}},"4":{"start":{"line":25,"column":4},"end":{"line":32,"column":6}},"5":{"start":{"line":39,"column":4},"end":{"line":44,"column":6}},"6":{"start":{"line":48,"column":18},"end":{"line":48,"column":39}},"7":{"start":{"line":49,"column":4},"end":{"line":54,"column":6}},"8":{"start":{"line":6,"column":13},"end":{"line":6,"column":35}},"9":{"start":{"line":10,"column":2},"end":{"line":19,"column":null}},"10":{"start":{"line":24,"column":2},"end":{"line":33,"column":null}},"11":{"start":{"line":38,"column":2},"end":{"line":45,"column":null}},"12":{"start":{"line":6,"column":13},"end":{"line":56,"column":null}}},"fnMap":{"0":{"name":"(anonymous_2)","decl":{"start":{"line":10,"column":2},"end":{"line":10,"column":11}},"loc":{"start":{"line":10,"column":11},"end":{"line":19,"column":3}}},"1":{"name":"(anonymous_3)","decl":{"start":{"line":24,"column":2},"end":{"line":24,"column":10}},"loc":{"start":{"line":24,"column":10},"end":{"line":33,"column":3}}},"2":{"name":"(anonymous_4)","decl":{"start":{"line":38,"column":2},"end":{"line":38,"column":9}},"loc":{"start":{"line":38,"column":9},"end":{"line":45,"column":3}}},"3":{"name":"(anonymous_5)","decl":{"start":{"line":47,"column":10},"end":{"line":47,"column":24}},"loc":{"start":{"line":47,"column":24},"end":{"line":55,"column":3}}}},"branchMap":{"0":{"loc":{"start":{"line":16,"column":19},"end":{"line":16,"column":56}},"type":"binary-expr","locations":[{"start":{"line":16,"column":19},"end":{"line":16,"column":39}},{"start":{"line":16,"column":43},"end":{"line":16,"column":56}}]}},"s":{"0":0,"1":0,"2":0,"3":0,"4":0,"5":0,"6":0,"7":0,"8":0,"9":0,"10":0,"11":0,"12":0},"f":{"0":0,"1":0,"2":0,"3":0},"b":{"0":[0,0]}}
,"/Users/mac_1/Documents/GitHub/suna/services/chainlens-core/src/simple-health/simple-health.module.ts": {"path":"/Users/mac_1/Documents/GitHub/suna/services/chainlens-core/src/simple-health/simple-health.module.ts","statementMap":{"0":{"start":{"line":1,"column":0},"end":{"line":1,"column":40}},"1":{"start":{"line":2,"column":0},"end":{"line":2,"column":68}},"2":{"start":{"line":7,"column":7},"end":{"line":7,"column":null}},"3":{"start":{"line":7,"column":13},"end":{"line":7,"column":31}},"4":{"start":{"line":7,"column":13},"end":{"line":7,"column":null}}},"fnMap":{},"branchMap":{},"s":{"0":0,"1":0,"2":0,"3":0,"4":0},"f":{},"b":{}}
}
