TN:
SF:src/app.module.ts
FN:144,(anonymous_12)
FN:41,(anonymous_13)
FN:126,(anonymous_14)
FNF:3
FNH:0
FNDA:0,(anonymous_12)
FNDA:0,(anonymous_13)
FNDA:0,(anonymous_14)
DA:1,0
DA:2,0
DA:6,0
DA:7,0
DA:8,0
DA:12,0
DA:13,0
DA:20,0
DA:24,0
DA:25,0
DA:26,0
DA:27,0
DA:41,0
DA:126,0
DA:143,0
DA:144,0
DA:146,0
DA:147,0
DA:149,0
DA:151,0
DA:152,0
DA:153,0
LF:22
LH:0
BRDA:151,0,0,0
BRDA:50,1,0,0
BRDA:50,1,1,0
BRF:3
BRH:0
end_of_record
TN:
SF:src/main.ts
FN:13,bootstrap
FN:103,(anonymous_2)
FN:109,(anonymous_3)
FN:128,(anonymous_4)
FNF:4
FNH:0
FNDA:0,bootstrap
FNDA:0,(anonymous_2)
FNDA:0,(anonymous_3)
FNDA:0,(anonymous_4)
DA:1,0
DA:2,0
DA:3,0
DA:4,0
DA:5,0
DA:6,0
DA:7,0
DA:8,0
DA:9,0
DA:10,0
DA:14,0
DA:18,0
DA:19,0
DA:20,0
DA:21,0
DA:24,0
DA:37,0
DA:40,0
DA:48,0
DA:51,0
DA:63,0
DA:66,0
DA:69,0
DA:70,0
DA:90,0
DA:91,0
DA:99,0
DA:103,0
DA:104,0
DA:105,0
DA:106,0
DA:109,0
DA:110,0
DA:111,0
DA:112,0
DA:116,0
DA:118,0
DA:119,0
DA:120,0
DA:122,0
DA:123,0
DA:124,0
DA:128,0
DA:129,0
DA:130,0
LF:45
LH:0
BRDA:69,0,0,0
BRDA:122,1,0,0
BRF:2
BRH:0
end_of_record
TN:
SF:src/analysis/analysis.controller.ts
FN:39,(anonymous_4)
FN:81,(anonymous_5)
FN:178,(anonymous_6)
FN:245,(anonymous_7)
FN:310,(anonymous_8)
FNF:5
FNH:0
FNDA:0,(anonymous_4)
FNDA:0,(anonymous_5)
FNDA:0,(anonymous_6)
FNDA:0,(anonymous_7)
FNDA:0,(anonymous_8)
DA:1,0
DA:13,0
DA:21,0
DA:23,0
DA:24,0
DA:25,0
DA:26,0
DA:27,0
DA:29,0
DA:30,0
DA:31,0
DA:32,0
DA:38,0
DA:40,0
DA:41,0
DA:81,0
DA:86,0
DA:87,0
DA:89,0
DA:96,0
DA:98,0
DA:103,0
DA:105,0
DA:111,0
DA:112,0
DA:121,0
DA:124,0
DA:130,0
DA:138,0
DA:146,0
DA:147,0
DA:154,0
DA:178,0
DA:182,0
DA:183,0
DA:185,0
DA:191,0
DA:193,0
DA:201,0
DA:245,0
DA:251,0
DA:252,0
DA:254,0
DA:262,0
DA:267,0
DA:274,0
DA:310,0
DA:314,0
DA:316,0
DA:321,0
DA:323,0
DA:328,0
LF:52
LH:0
BRDA:87,0,0,0
BRDA:87,0,1,0
BRDA:103,1,0,0
BRDA:103,1,1,0
BRDA:247,2,0,0
BRDA:248,3,0,0
BRDA:311,4,0,0
BRF:7
BRH:0
end_of_record
TN:
SF:src/analysis/analysis.module.ts
FNF:0
FNH:0
DA:1,0
DA:2,0
DA:3,0
DA:4,0
DA:5,0
DA:6,0
DA:7,0
DA:8,0
DA:9,0
DA:10,0
DA:36,0
LF:11
LH:0
BRF:0
BRH:0
end_of_record
TN:
SF:src/analysis/analysis.processor.ts
FN:20,(anonymous_2)
FN:27,(anonymous_3)
FNF:2
FNH:0
FNDA:0,(anonymous_2)
FNDA:0,(anonymous_3)
DA:1,0
DA:3,0
DA:4,0
DA:5,0
DA:6,0
DA:19,0
DA:21,0
DA:22,0
DA:23,0
DA:27,0
DA:28,0
DA:29,0
DA:31,0
DA:38,0
DA:40,0
DA:48,0
DA:51,0
DA:54,0
DA:55,0
DA:60,0
DA:61,0
DA:67,0
DA:68,0
DA:76,0
DA:78,0
DA:88,0
DA:98,0
DA:100,0
DA:109,0
DA:117,0
DA:126,0
LF:31
LH:0
BRF:0
BRH:0
end_of_record
TN:
SF:src/analysis/analysis.service.ts
FN:43,(anonymous_4)
FN:52,(anonymous_5)
FN:74,(anonymous_6)
FN:184,(anonymous_7)
FN:232,(anonymous_8)
FN:247,(anonymous_9)
FN:255,(anonymous_10)
FN:259,(anonymous_11)
FN:272,(anonymous_12)
FN:302,(anonymous_13)
FN:309,(anonymous_14)
FN:328,(anonymous_15)
FN:347,(anonymous_16)
FN:350,(anonymous_17)
FN:353,(anonymous_18)
FN:359,(anonymous_19)
FN:362,(anonymous_20)
FN:370,(anonymous_21)
FN:378,(anonymous_22)
FN:393,(anonymous_23)
FN:409,(anonymous_24)
FN:411,(anonymous_25)
FN:422,(anonymous_26)
FN:425,(anonymous_27)
FN:427,(anonymous_28)
FN:434,(anonymous_29)
FNF:26
FNH:0
FNDA:0,(anonymous_4)
FNDA:0,(anonymous_5)
FNDA:0,(anonymous_6)
FNDA:0,(anonymous_7)
FNDA:0,(anonymous_8)
FNDA:0,(anonymous_9)
FNDA:0,(anonymous_10)
FNDA:0,(anonymous_11)
FNDA:0,(anonymous_12)
FNDA:0,(anonymous_13)
FNDA:0,(anonymous_14)
FNDA:0,(anonymous_15)
FNDA:0,(anonymous_16)
FNDA:0,(anonymous_17)
FNDA:0,(anonymous_18)
FNDA:0,(anonymous_19)
FNDA:0,(anonymous_20)
FNDA:0,(anonymous_21)
FNDA:0,(anonymous_22)
FNDA:0,(anonymous_23)
FNDA:0,(anonymous_24)
FNDA:0,(anonymous_25)
FNDA:0,(anonymous_26)
FNDA:0,(anonymous_27)
FNDA:0,(anonymous_28)
FNDA:0,(anonymous_29)
DA:1,0
DA:2,0
DA:4,0
DA:5,0
DA:8,0
DA:9,0
DA:10,0
DA:11,0
DA:39,0
DA:40,0
DA:41,0
DA:44,0
DA:45,0
DA:46,0
DA:47,0
DA:48,0
DA:49,0
DA:57,0
DA:58,0
DA:60,0
DA:61,0
DA:65,0
DA:67,0
DA:71,0
DA:79,0
DA:81,0
DA:83,0
DA:84,0
DA:86,0
DA:87,0
DA:94,0
DA:96,0
DA:104,0
DA:107,0
DA:110,0
DA:113,0
DA:114,0
DA:115,0
DA:117,0
DA:138,0
DA:139,0
DA:147,0
DA:150,0
DA:159,0
DA:161,0
DA:163,0
DA:171,0
DA:180,0
DA:189,0
DA:192,0
DA:208,0
DA:211,0
DA:212,0
DA:226,0
DA:233,0
DA:235,0
DA:236,0
DA:240,0
DA:241,0
DA:244,0
DA:251,0
DA:253,0
DA:254,0
DA:255,0
DA:259,0
DA:261,0
DA:262,0
DA:264,0
DA:275,0
DA:296,0
DA:303,0
DA:304,0
DA:305,0
DA:311,0
DA:312,0
DA:316,0
DA:317,0
DA:318,0
DA:323,0
DA:324,0
DA:329,0
DA:331,0
DA:332,0
DA:335,0
DA:336,0
DA:339,0
DA:340,0
DA:343,0
DA:344,0
DA:347,0
DA:351,0
DA:353,0
DA:354,0
DA:355,0
DA:359,0
DA:363,0
DA:364,0
DA:365,0
DA:366,0
DA:367,0
DA:372,0
DA:373,0
DA:374,0
DA:375,0
DA:379,0
DA:381,0
DA:382,0
DA:386,0
DA:387,0
DA:390,0
DA:394,0
DA:400,0
DA:406,0
DA:410,0
DA:411,0
DA:414,0
DA:415,0
DA:417,0
DA:418,0
DA:419,0
DA:423,0
DA:425,0
DA:426,0
DA:427,0
DA:431,0
DA:435,0
DA:436,0
DA:439,0
DA:440,0
DA:443,0
LF:130
LH:0
BRDA:60,0,0,0
BRDA:65,1,0,0
BRDA:86,2,0,0
BRDA:86,3,0,0
BRDA:86,3,1,0
BRDA:138,4,0,0
BRDA:222,5,0,0
BRDA:222,5,1,0
BRDA:235,6,0,0
BRDA:240,7,0,0
BRDA:251,8,0,0
BRDA:251,8,1,0
BRDA:254,9,0,0
BRDA:304,10,0,0
BRDA:311,11,0,0
BRDA:311,12,0,0
BRDA:311,12,1,0
BRDA:316,13,0,0
BRDA:316,14,0,0
BRDA:316,14,1,0
BRDA:317,15,0,0
BRDA:323,16,0,0
BRDA:323,17,0,0
BRDA:323,17,1,0
BRDA:331,18,0,0
BRDA:335,19,0,0
BRDA:339,20,0,0
BRDA:343,21,0,0
BRDA:347,22,0,0
BRDA:347,22,1,0
BRDA:354,23,0,0
BRDA:359,24,0,0
BRDA:359,24,1,0
BRDA:363,25,0,0
BRDA:364,26,0,0
BRDA:365,27,0,0
BRDA:366,28,0,0
BRDA:372,29,0,0
BRDA:373,30,0,0
BRDA:374,31,0,0
BRDA:381,32,0,0
BRDA:386,33,0,0
BRDA:406,34,0,0
BRDA:406,34,1,0
BRDA:406,35,0,0
BRDA:406,35,1,0
BRDA:417,36,0,0
BRDA:418,37,0,0
BRDA:426,38,0,0
BRDA:435,39,0,0
BRDA:435,39,1,0
BRDA:439,40,0,0
BRF:52
BRH:0
end_of_record
TN:
SF:src/analysis/dto/analysis-request.dto.ts
FN:5,(anonymous_2)
FN:12,(anonymous_3)
FN:51,(anonymous_4)
FN:57,(anonymous_5)
FN:90,(anonymous_6)
FNF:5
FNH:0
FNDA:0,(anonymous_2)
FNDA:0,(anonymous_3)
FNDA:0,(anonymous_4)
FNDA:0,(anonymous_5)
FNDA:0,(anonymous_6)
DA:1,0
DA:2,0
DA:3,0
DA:5,0
DA:12,0
DA:13,0
DA:22,0
DA:32,0
DA:40,0
DA:48,0
DA:51,0
DA:57,0
DA:58,0
DA:67,0
DA:75,0
DA:82,0
DA:90,0
DA:91,0
DA:100,0
LF:19
LH:0
BRF:0
BRH:0
end_of_record
TN:
SF:src/analysis/dto/analysis-response.dto.ts
FNF:0
FNH:0
DA:1,0
DA:3,0
DA:9,0
DA:18,0
DA:24,0
DA:30,0
DA:33,0
DA:38,0
DA:44,0
DA:50,0
DA:56,0
DA:63,0
DA:69,0
DA:75,0
DA:96,0
DA:103,0
DA:110,0
DA:116,0
DA:122,0
DA:132,0
LF:20
LH:0
BRF:0
BRH:0
end_of_record
TN:
SF:src/analysis/dto/analysis-status.dto.ts
FNF:0
FNH:0
DA:1,0
DA:3,0
DA:8,0
DA:15,0
DA:21,0
DA:27,0
DA:33,0
DA:39,0
DA:45,0
DA:51,0
DA:57,0
DA:68,0
DA:73,0
DA:84,0
LF:14
LH:0
BRF:0
BRH:0
end_of_record
TN:
SF:src/auth/auth.controller.ts
FN:36,(anonymous_4)
FN:49,(anonymous_5)
FN:75,(anonymous_6)
FN:89,(anonymous_7)
FN:103,(anonymous_8)
FN:131,(anonymous_9)
FNF:6
FNH:0
FNDA:0,(anonymous_4)
FNDA:0,(anonymous_5)
FNDA:0,(anonymous_6)
FNDA:0,(anonymous_7)
FNDA:0,(anonymous_8)
FNDA:0,(anonymous_9)
DA:1,0
DA:11,0
DA:18,0
DA:19,0
DA:20,0
DA:21,0
DA:35,0
DA:36,0
DA:49,0
DA:50,0
DA:51,0
DA:52,0
DA:54,0
DA:60,0
DA:75,0
DA:76,0
DA:89,0
DA:90,0
DA:92,0
DA:103,0
DA:107,0
DA:131,0
DA:135,0
DA:137,0
LF:24
LH:0
BRF:0
BRH:0
end_of_record
TN:
SF:src/auth/auth.module.ts
FN:27,(anonymous_2)
FNF:1
FNH:0
FNDA:0,(anonymous_2)
DA:1,0
DA:2,0
DA:3,0
DA:4,0
DA:5,0
DA:6,0
DA:7,0
DA:8,0
DA:9,0
DA:10,0
DA:13,0
DA:14,0
DA:15,0
DA:16,0
DA:17,0
DA:18,0
DA:19,0
DA:27,0
DA:62,0
LF:19
LH:0
BRF:0
BRH:0
end_of_record
TN:
SF:src/auth/auth.service.ts
FN:30,(anonymous_2)
FN:46,(anonymous_3)
FN:101,(anonymous_4)
FN:153,(anonymous_5)
FN:168,(anonymous_6)
FN:184,(anonymous_7)
FN:188,(anonymous_8)
FN:189,(anonymous_9)
FN:192,(anonymous_10)
FN:193,(anonymous_11)
FN:196,(anonymous_12)
FN:204,(anonymous_13)
FN:229,(anonymous_14)
FN:239,(anonymous_15)
FNF:14
FNH:0
FNDA:0,(anonymous_2)
FNDA:0,(anonymous_3)
FNDA:0,(anonymous_4)
FNDA:0,(anonymous_5)
FNDA:0,(anonymous_6)
FNDA:0,(anonymous_7)
FNDA:0,(anonymous_8)
FNDA:0,(anonymous_9)
FNDA:0,(anonymous_10)
FNDA:0,(anonymous_11)
FNDA:0,(anonymous_12)
FNDA:0,(anonymous_13)
FNDA:0,(anonymous_14)
FNDA:0,(anonymous_15)
DA:1,0
DA:2,0
DA:3,0
DA:4,0
DA:5,0
DA:27,0
DA:31,0
DA:32,0
DA:33,0
DA:36,0
DA:37,0
DA:39,0
DA:40,0
DA:43,0
DA:47,0
DA:49,0
DA:51,0
DA:52,0
DA:56,0
DA:62,0
DA:63,0
DA:65,0
DA:72,0
DA:76,0
DA:77,0
DA:80,0
DA:88,0
DA:96,0
DA:97,0
DA:102,0
DA:104,0
DA:119,0
DA:120,0
DA:124,0
DA:125,0
DA:129,0
DA:134,0
DA:136,0
DA:148,0
DA:149,0
DA:154,0
DA:165,0
DA:169,0
DA:170,0
DA:172,0
DA:179,0
DA:180,0
DA:185,0
DA:189,0
DA:193,0
DA:198,0
DA:201,0
DA:205,0
DA:226,0
DA:230,0
DA:236,0
DA:242,0
DA:243,0
LF:58
LH:0
BRDA:39,0,0,0
BRDA:39,1,0,0
BRDA:39,1,1,0
BRDA:51,2,0,0
BRDA:51,3,0,0
BRDA:51,3,1,0
BRDA:62,4,0,0
BRDA:76,5,0,0
BRDA:82,6,0,0
BRDA:82,6,1,0
BRDA:90,7,0,0
BRDA:90,7,1,0
BRDA:91,8,0,0
BRDA:91,8,1,0
BRDA:92,9,0,0
BRDA:92,9,1,0
BRDA:119,10,0,0
BRDA:119,11,0,0
BRDA:119,11,1,0
BRDA:124,12,0,0
BRDA:124,13,0,0
BRDA:124,13,1,0
BRDA:139,14,0,0
BRDA:139,14,1,0
BRDA:140,15,0,0
BRDA:140,15,1,0
BRDA:140,16,0,0
BRDA:140,16,1,0
BRDA:226,17,0,0
BRDA:226,17,1,0
BRDA:236,18,0,0
BRDA:236,18,1,0
BRF:32
BRH:0
end_of_record
TN:
SF:src/auth/constants/jwt.constants.ts
FNF:0
FNH:0
DA:1,1
LF:1
LH:1
BRDA:3,0,0,1
BRDA:3,0,1,1
BRDA:4,1,0,1
BRDA:4,1,1,1
BRDA:5,2,0,1
BRDA:5,2,1,1
BRDA:8,3,0,1
BRDA:8,3,1,1
BRDA:9,4,0,1
BRDA:9,4,1,1
BRDA:10,5,0,1
BRDA:10,5,1,1
BRF:12
BRH:12
end_of_record
TN:
SF:src/auth/controllers/auth-test.controller.ts
FN:15,(anonymous_4)
FN:24,(anonymous_5)
FN:55,(anonymous_6)
FN:78,(anonymous_7)
FN:98,(anonymous_8)
FN:119,(anonymous_9)
FNF:6
FNH:0
FNDA:0,(anonymous_4)
FNDA:0,(anonymous_5)
FNDA:0,(anonymous_6)
FNDA:0,(anonymous_7)
FNDA:0,(anonymous_8)
FNDA:0,(anonymous_9)
DA:1,0
DA:2,0
DA:3,0
DA:4,0
DA:5,0
DA:6,0
DA:7,0
DA:8,0
DA:9,0
DA:10,0
DA:14,0
DA:16,0
DA:17,0
DA:24,0
DA:25,0
DA:33,0
DA:35,0
DA:41,0
DA:55,0
DA:56,0
DA:58,0
DA:78,0
DA:79,0
DA:84,0
DA:98,0
DA:99,0
DA:104,0
DA:119,0
DA:120,0
LF:29
LH:0
BRDA:27,0,0,0
BRDA:27,0,1,0
BRDA:28,1,0,0
BRDA:28,1,1,0
BRDA:29,2,0,0
BRDA:29,2,1,0
BRDA:87,3,0,0
BRDA:87,3,1,0
BRF:8
BRH:0
end_of_record
TN:
SF:src/auth/controllers/user.controller.ts
FN:31,(anonymous_4)
FN:46,(anonymous_5)
FN:76,(anonymous_6)
FN:104,(anonymous_7)
FN:137,(anonymous_8)
FN:187,(anonymous_9)
FN:220,(anonymous_10)
FN:255,(anonymous_11)
FN:292,(anonymous_12)
FN:327,(anonymous_13)
FNF:10
FNH:0
FNDA:0,(anonymous_4)
FNDA:0,(anonymous_5)
FNDA:0,(anonymous_6)
FNDA:0,(anonymous_7)
FNDA:0,(anonymous_8)
FNDA:0,(anonymous_9)
FNDA:0,(anonymous_10)
FNDA:0,(anonymous_11)
FNDA:0,(anonymous_12)
FNDA:0,(anonymous_13)
DA:1,0
DA:14,0
DA:15,0
DA:16,0
DA:17,0
DA:19,0
DA:20,0
DA:21,0
DA:22,0
DA:24,0
DA:30,0
DA:32,0
DA:33,0
DA:46,0
DA:50,0
DA:55,0
DA:57,0
DA:76,0
DA:77,0
DA:79,0
DA:81,0
DA:104,0
DA:108,0
DA:113,0
DA:115,0
DA:137,0
DA:141,0
DA:146,0
DA:147,0
DA:161,0
DA:163,0
DA:187,0
DA:192,0
DA:198,0
DA:200,0
DA:220,0
DA:224,0
DA:229,0
DA:231,0
DA:255,0
DA:260,0
DA:266,0
DA:268,0
DA:292,0
DA:296,0
DA:301,0
DA:303,0
DA:327,0
DA:331,0
DA:336,0
DA:338,0
LF:51
LH:0
BRDA:146,0,0,0
BRDA:166,1,0,0
BRDA:166,1,1,0
BRDA:167,2,0,0
BRDA:167,2,1,0
BRF:5
BRH:0
end_of_record
TN:
SF:src/auth/decorators/current-user.decorator.ts
FN:5,(anonymous_0)
FNF:1
FNH:0
FNDA:0,(anonymous_0)
DA:1,0
DA:4,0
DA:6,0
DA:7,0
LF:4
LH:0
BRF:0
BRH:0
end_of_record
TN:
SF:src/auth/decorators/get-user.decorator.ts
FN:5,(anonymous_0)
FNF:1
FNH:0
FNDA:0,(anonymous_0)
DA:1,0
DA:4,0
DA:6,0
DA:7,0
DA:9,0
LF:5
LH:0
BRDA:9,0,0,0
BRDA:9,0,1,0
BRF:2
BRH:0
end_of_record
TN:
SF:src/auth/decorators/permissions.decorator.ts
FN:4,(anonymous_0)
FN:8,(anonymous_1)
FNF:2
FNH:0
FNDA:0,(anonymous_0)
FNDA:0,(anonymous_1)
DA:1,0
DA:3,0
DA:4,0
DA:5,0
DA:7,0
DA:8,0
DA:9,0
LF:7
LH:0
BRF:0
BRH:0
end_of_record
TN:
SF:src/auth/decorators/public.decorator.ts
FN:4,(anonymous_0)
FNF:1
FNH:0
FNDA:0,(anonymous_0)
DA:1,0
DA:3,0
DA:4,0
LF:3
LH:0
BRF:0
BRH:0
end_of_record
TN:
SF:src/auth/decorators/roles.decorator.ts
FN:5,(anonymous_0)
FNF:1
FNH:0
FNDA:0,(anonymous_0)
DA:1,0
DA:4,0
DA:5,0
LF:3
LH:0
BRF:0
BRH:0
end_of_record
TN:
SF:src/auth/decorators/user.decorator.ts
FN:5,(anonymous_0)
FNF:1
FNH:0
FNDA:0,(anonymous_0)
DA:1,0
DA:4,0
DA:6,0
DA:7,0
DA:9,0
LF:5
LH:0
BRDA:9,0,0,0
BRDA:9,0,1,0
BRF:2
BRH:0
end_of_record
TN:
SF:src/auth/dto/create-user.dto.ts
FNF:0
FNH:0
DA:1,0
DA:2,0
DA:4,0
DA:12,0
DA:24,0
DA:36,0
DA:45,0
DA:54,0
LF:8
LH:0
BRF:0
BRH:0
end_of_record
TN:
SF:src/auth/dto/login.dto.ts
FNF:0
FNH:0
DA:1,0
DA:2,0
DA:4,0
DA:12,0
DA:20,0
LF:5
LH:0
BRF:0
BRH:0
end_of_record
TN:
SF:src/auth/dto/update-user.dto.ts
FNF:0
FNH:0
DA:1,0
DA:2,0
DA:4,0
DA:13,0
DA:22,0
DA:31,0
DA:43,0
DA:52,0
DA:71,0
LF:9
LH:0
BRF:0
BRH:0
end_of_record
TN:
SF:src/auth/dto/user-response.dto.ts
FNF:0
FNH:0
DA:1,0
DA:3,0
DA:8,0
DA:14,0
DA:20,0
DA:26,0
DA:33,0
DA:39,0
DA:50,0
DA:56,0
DA:62,0
DA:65,0
DA:70,0
DA:76,0
DA:82,0
DA:88,0
LF:16
LH:0
BRF:0
BRH:0
end_of_record
TN:
SF:src/auth/guards/api-key-auth.guard.ts
FN:11,(anonymous_2)
FN:17,(anonymous_3)
FN:94,(anonymous_4)
FNF:3
FNH:0
FNDA:0,(anonymous_2)
FNDA:0,(anonymous_3)
FNDA:0,(anonymous_4)
DA:1,0
DA:2,0
DA:3,0
DA:4,0
DA:5,0
DA:6,0
DA:10,0
DA:12,0
DA:13,0
DA:14,0
DA:19,0
DA:24,0
DA:25,0
DA:28,0
DA:29,0
DA:31,0
DA:32,0
DA:36,0
DA:39,0
DA:40,0
DA:42,0
DA:43,0
DA:47,0
DA:51,0
DA:56,0
DA:57,0
DA:59,0
DA:60,0
DA:67,0
DA:72,0
DA:74,0
DA:80,0
DA:82,0
DA:86,0
DA:87,0
DA:90,0
DA:96,0
DA:97,0
DA:98,0
DA:102,0
DA:103,0
DA:104,0
DA:108,0
DA:109,0
DA:110,0
DA:113,0
LF:46
LH:0
BRDA:24,0,0,0
BRDA:31,1,0,0
BRDA:42,2,0,0
BRDA:56,3,0,0
BRDA:56,4,0,0
BRDA:56,4,1,0
BRDA:59,5,0,0
BRDA:86,6,0,0
BRDA:97,7,0,0
BRDA:97,8,0,0
BRDA:97,8,1,0
BRDA:103,9,0,0
BRDA:109,10,0,0
BRF:13
BRH:0
end_of_record
TN:
SF:src/auth/guards/api-key.guard.ts
FN:11,(anonymous_1)
FN:20,(anonymous_2)
FNF:2
FNH:0
FNDA:0,(anonymous_1)
FNDA:0,(anonymous_2)
DA:1,0
DA:7,0
DA:10,0
DA:12,0
DA:13,0
DA:14,0
DA:16,0
DA:21,0
DA:22,0
DA:25,0
LF:10
LH:0
BRDA:21,0,0,0
BRDA:21,1,0,0
BRDA:21,1,1,0
BRDA:22,2,0,0
BRDA:22,2,1,0
BRF:5
BRH:0
end_of_record
TN:
SF:src/auth/guards/auth.guard.ts
FN:13,(anonymous_2)
FN:17,(anonymous_3)
FN:43,(anonymous_4)
FN:81,(anonymous_5)
FNF:4
FNH:0
FNDA:0,(anonymous_2)
FNDA:0,(anonymous_3)
FNDA:0,(anonymous_4)
FNDA:0,(anonymous_5)
DA:1,0
DA:7,0
DA:8,0
DA:12,0
DA:13,0
DA:14,0
DA:19,0
DA:24,0
DA:25,0
DA:29,0
DA:32,0
DA:34,0
DA:36,0
DA:37,0
DA:39,0
DA:44,0
DA:46,0
DA:47,0
DA:48,0
DA:51,0
DA:52,0
DA:56,0
DA:57,0
DA:60,0
DA:61,0
DA:62,0
DA:63,0
DA:67,0
DA:73,0
DA:74,0
DA:78,0
DA:82,0
DA:83,0
DA:86,0
LF:34
LH:0
BRDA:24,0,0,0
BRDA:46,1,0,0
BRDA:47,2,0,0
BRDA:51,3,0,0
BRDA:60,4,0,0
BRDA:60,4,1,0
BRDA:60,5,0,0
BRDA:60,5,1,0
BRDA:62,6,0,0
BRDA:73,7,0,0
BRDA:82,8,0,0
BRDA:82,9,0,0
BRDA:82,9,1,0
BRDA:83,10,0,0
BRDA:83,10,1,0
BRF:15
BRH:0
end_of_record
TN:
SF:src/auth/guards/jwt-auth.guard.ts
FN:12,(anonymous_2)
FN:19,(anonymous_3)
FN:35,(anonymous_4)
FNF:3
FNH:0
FNDA:0,(anonymous_2)
FNDA:0,(anonymous_3)
FNDA:0,(anonymous_4)
DA:1,0
DA:2,0
DA:3,0
DA:5,0
DA:6,0
DA:7,0
DA:11,0
DA:13,0
DA:14,0
DA:16,0
DA:23,0
DA:28,0
DA:29,0
DA:32,0
DA:41,0
DA:44,0
DA:51,0
DA:52,0
DA:58,0
DA:62,0
DA:67,0
DA:68,0
DA:69,0
DA:71,0
DA:72,0
DA:79,0
DA:83,0
DA:90,0
LF:28
LH:0
BRDA:28,0,0,0
BRDA:51,1,0,0
BRDA:51,2,0,0
BRDA:51,2,1,0
BRDA:58,3,0,0
BRDA:58,3,1,0
BRDA:67,4,0,0
BRDA:67,5,0,0
BRDA:67,5,1,0
BRDA:71,6,0,0
BRF:10
BRH:0
end_of_record
TN:
SF:src/auth/guards/roles.guard.ts
FN:15,(anonymous_2)
FN:21,(anonymous_3)
FNF:2
FNH:0
FNDA:0,(anonymous_2)
FNDA:0,(anonymous_3)
DA:1,0
DA:8,0
DA:9,0
DA:11,0
DA:14,0
DA:16,0
DA:17,0
DA:18,0
DA:23,0
DA:29,0
DA:35,0
DA:41,0
DA:42,0
DA:46,0
DA:47,0
DA:49,0
DA:50,0
DA:54,0
DA:58,0
DA:59,0
DA:60,0
DA:62,0
DA:63,0
DA:70,0
DA:75,0
DA:76,0
DA:77,0
DA:84,0
DA:89,0
DA:91,0
DA:95,0
DA:97,0
DA:98,0
DA:104,0
DA:108,0
DA:119,0
LF:36
LH:0
BRDA:41,0,0,0
BRDA:41,1,0,0
BRDA:41,1,1,0
BRDA:41,1,2,0
BRDA:49,2,0,0
BRDA:58,3,0,0
BRDA:58,4,0,0
BRDA:58,4,1,0
BRDA:62,5,0,0
BRDA:75,6,0,0
BRDA:75,7,0,0
BRDA:75,7,1,0
BRDA:76,8,0,0
BRDA:89,9,0,0
BRDA:89,10,0,0
BRDA:89,10,1,0
BRDA:97,11,0,0
BRF:17
BRH:0
end_of_record
TN:
SF:src/auth/services/supabase.service.ts
FN:26,(anonymous_2)
FN:31,(anonymous_3)
FN:66,(anonymous_4)
FN:73,(anonymous_5)
FN:83,(anonymous_6)
FN:113,(anonymous_7)
FN:136,(anonymous_8)
FN:164,(anonymous_9)
FN:179,(anonymous_10)
FN:202,(anonymous_11)
FN:253,(anonymous_12)
FNF:11
FNH:0
FNDA:0,(anonymous_2)
FNDA:0,(anonymous_3)
FNDA:0,(anonymous_4)
FNDA:0,(anonymous_5)
FNDA:0,(anonymous_6)
FNDA:0,(anonymous_7)
FNDA:0,(anonymous_8)
FNDA:0,(anonymous_9)
FNDA:0,(anonymous_10)
FNDA:0,(anonymous_11)
FNDA:0,(anonymous_12)
DA:1,2
DA:2,2
DA:3,2
DA:4,2
DA:22,2
DA:27,0
DA:28,0
DA:32,0
DA:33,0
DA:34,0
DA:36,0
DA:37,0
DA:38,0
DA:42,0
DA:51,0
DA:52,0
DA:60,0
DA:67,0
DA:74,0
DA:75,0
DA:77,0
DA:84,0
DA:85,0
DA:87,0
DA:88,0
DA:89,0
DA:93,0
DA:95,0
DA:105,0
DA:106,0
DA:114,0
DA:115,0
DA:121,0
DA:122,0
DA:123,0
DA:126,0
DA:128,0
DA:129,0
DA:137,0
DA:138,0
DA:148,0
DA:149,0
DA:150,0
DA:153,0
DA:154,0
DA:156,0
DA:157,0
DA:165,0
DA:166,0
DA:167,0
DA:171,0
DA:173,0
DA:174,0
DA:175,0
DA:179,0
DA:181,0
DA:182,0
DA:185,0
DA:194,0
DA:195,0
DA:203,0
DA:204,0
DA:205,0
DA:208,0
DA:215,0
DA:216,0
DA:217,0
DA:221,0
DA:222,0
DA:229,0
DA:231,0
DA:245,0
DA:246,0
DA:254,0
DA:255,0
DA:260,0
DA:262,0
DA:263,0
LF:78
LH:5
BRDA:36,0,0,0
BRDA:36,1,0,0
BRDA:36,1,1,0
BRDA:51,2,0,0
BRDA:74,3,0,0
BRDA:87,4,0,0
BRDA:87,5,0,0
BRDA:87,5,1,0
BRDA:97,6,0,0
BRDA:97,6,1,0
BRDA:98,7,0,0
BRDA:98,7,1,0
BRDA:99,8,0,0
BRDA:99,8,1,0
BRDA:102,9,0,0
BRDA:102,9,1,0
BRDA:121,10,0,0
BRDA:148,11,0,0
BRDA:166,12,0,0
BRDA:173,13,0,0
BRDA:181,14,0,0
BRDA:188,15,0,0
BRDA:188,15,1,0
BRDA:189,16,0,0
BRDA:189,16,1,0
BRDA:191,17,0,0
BRDA:191,17,1,0
BRDA:202,18,0,0
BRDA:204,19,0,0
BRDA:215,20,0,0
BRDA:221,21,0,0
BRDA:224,22,0,0
BRDA:224,22,1,0
BRDA:225,23,0,0
BRDA:225,23,1,0
BRDA:232,24,0,0
BRDA:232,24,1,0
BRDA:234,25,0,0
BRDA:234,25,1,0
BRDA:235,26,0,0
BRDA:235,26,1,0
BRDA:236,27,0,0
BRDA:236,27,1,0
BRDA:239,28,0,0
BRDA:239,28,1,0
BRF:45
BRH:0
end_of_record
TN:
SF:src/auth/services/user.service.ts
FN:35,(anonymous_2)
FN:44,(anonymous_3)
FN:94,(anonymous_4)
FN:126,(anonymous_5)
FN:154,(anonymous_6)
FN:200,(anonymous_7)
FN:216,(anonymous_8)
FN:232,(anonymous_9)
FN:253,(anonymous_10)
FN:274,(anonymous_11)
FNF:10
FNH:3
FNDA:6,(anonymous_2)
FNDA:3,(anonymous_3)
FNDA:3,(anonymous_4)
FNDA:0,(anonymous_5)
FNDA:0,(anonymous_6)
FNDA:0,(anonymous_7)
FNDA:0,(anonymous_8)
FNDA:0,(anonymous_9)
FNDA:0,(anonymous_10)
FNDA:0,(anonymous_11)
DA:1,1
DA:2,1
DA:3,1
DA:4,1
DA:34,1
DA:36,6
DA:37,6
DA:38,6
DA:45,3
DA:46,3
DA:49,3
DA:50,2
DA:51,1
DA:55,1
DA:65,1
DA:66,1
DA:67,1
DA:70,0
DA:72,0
DA:83,3
DA:84,2
DA:86,1
DA:87,1
DA:95,3
DA:96,3
DA:98,3
DA:99,2
DA:100,1
DA:103,1
DA:115,2
DA:116,1
DA:118,1
DA:119,1
DA:127,0
DA:128,0
DA:130,0
DA:131,0
DA:132,0
DA:135,0
DA:146,0
DA:147,0
DA:155,0
DA:156,0
DA:159,0
DA:160,0
DA:161,0
DA:165,0
DA:174,0
DA:176,0
DA:178,0
DA:189,0
DA:190,0
DA:192,0
DA:193,0
DA:201,0
DA:202,0
DA:204,0
DA:206,0
DA:208,0
DA:209,0
DA:217,0
DA:218,0
DA:220,0
DA:222,0
DA:224,0
DA:225,0
DA:233,0
DA:234,0
DA:236,0
DA:241,0
DA:243,0
DA:245,0
DA:246,0
DA:254,0
DA:255,0
DA:257,0
DA:262,0
DA:264,0
DA:266,0
DA:267,0
DA:275,0
DA:277,0
DA:278,0
DA:280,0
DA:281,0
LF:85
LH:31
BRDA:50,0,0,1
BRDA:59,1,0,1
BRDA:59,1,1,0
BRDA:60,2,0,1
BRDA:60,2,1,1
BRDA:61,3,0,1
BRDA:61,3,1,1
BRDA:65,4,0,1
BRDA:65,5,0,1
BRDA:65,5,1,0
BRDA:66,6,0,1
BRDA:66,6,1,0
BRDA:83,7,0,2
BRDA:83,8,0,3
BRDA:83,8,1,2
BRDA:99,9,0,1
BRDA:106,10,0,1
BRDA:106,10,1,0
BRDA:107,11,0,1
BRDA:107,11,1,0
BRDA:109,12,0,1
BRDA:109,12,1,0
BRDA:115,13,0,1
BRDA:131,14,0,0
BRDA:138,15,0,0
BRDA:138,15,1,0
BRDA:139,16,0,0
BRDA:139,16,1,0
BRDA:141,17,0,0
BRDA:141,17,1,0
BRDA:160,18,0,0
BRDA:166,19,0,0
BRDA:166,19,1,0
BRDA:167,20,0,0
BRDA:167,20,1,0
BRDA:168,21,0,0
BRDA:168,21,1,0
BRDA:169,22,0,0
BRDA:169,22,1,0
BRDA:180,23,0,0
BRDA:180,23,1,0
BRDA:185,24,0,0
BRDA:185,24,1,0
BRDA:189,25,0,0
BRF:44
BRH:17
end_of_record
TN:
SF:src/auth/strategies/api-key.strategy.ts
FN:9,(anonymous_2)
FN:13,(anonymous_3)
FN:35,(anonymous_4)
FNF:3
FNH:0
FNDA:0,(anonymous_2)
FNDA:0,(anonymous_3)
FNDA:0,(anonymous_4)
DA:1,0
DA:2,0
DA:3,0
DA:5,0
DA:8,0
DA:9,0
DA:10,0
DA:14,0
DA:16,0
DA:18,0
DA:19,0
DA:23,0
DA:25,0
DA:26,0
DA:29,0
DA:31,0
DA:37,0
DA:38,0
DA:39,0
DA:41,0
DA:42,0
DA:47,0
DA:48,0
DA:49,0
DA:53,0
DA:54,0
DA:55,0
DA:58,0
LF:28
LH:0
BRDA:18,0,0,0
BRDA:25,1,0,0
BRDA:38,2,0,0
BRDA:38,3,0,0
BRDA:38,3,1,0
BRDA:41,4,0,0
BRDA:48,5,0,0
BRDA:54,6,0,0
BRDA:54,7,0,0
BRDA:54,7,1,0
BRF:10
BRH:0
end_of_record
TN:
SF:src/auth/strategies/jwt.strategy.ts
FN:11,(anonymous_2)
FN:24,(anonymous_3)
FN:83,(anonymous_4)
FNF:3
FNH:2
FNDA:10,(anonymous_2)
FNDA:10,(anonymous_3)
FNDA:0,(anonymous_4)
DA:1,1
DA:2,1
DA:3,1
DA:4,1
DA:5,1
DA:6,1
DA:7,1
DA:10,1
DA:12,10
DA:13,10
DA:14,10
DA:16,10
DA:25,10
DA:26,10
DA:29,10
DA:30,3
DA:31,3
DA:35,7
DA:36,7
DA:37,7
DA:39,2
DA:46,7
DA:47,7
DA:50,7
DA:53,7
DA:62,7
DA:68,7
DA:70,3
DA:72,3
DA:73,3
DA:76,0
DA:84,0
DA:85,0
DA:89,0
DA:90,0
DA:98,0
DA:103,0
DA:106,0
DA:107,0
DA:109,0
DA:110,0
LF:41
LH:30
BRDA:29,0,0,3
BRDA:29,1,0,10
BRDA:29,1,1,9
BRDA:46,2,0,7
BRDA:46,2,1,2
BRDA:46,2,2,0
BRDA:47,3,0,7
BRDA:47,3,1,2
BRDA:47,3,2,0
BRDA:50,4,0,7
BRDA:50,4,1,0
BRDA:59,5,0,7
BRDA:59,5,1,2
BRDA:72,6,0,3
BRDA:89,7,0,0
BRF:15
BRH:11
end_of_record
TN:
SF:src/auth/strategies/supabase.strategy.ts
FN:9,(anonymous_2)
FN:21,(anonymous_3)
FNF:2
FNH:0
FNDA:0,(anonymous_2)
FNDA:0,(anonymous_3)
DA:1,0
DA:2,0
DA:3,0
DA:4,0
DA:5,0
DA:8,0
DA:10,0
DA:11,0
DA:13,0
DA:22,0
DA:24,0
DA:27,0
DA:29,0
DA:30,0
DA:33,0
DA:35,0
LF:16
LH:0
BRDA:27,0,0,0
BRDA:27,0,1,0
BRDA:29,1,0,0
BRF:3
BRH:0
end_of_record
TN:
SF:src/cache/cache.module.ts
FN:12,(anonymous_1)
FNF:1
FNH:0
FNDA:0,(anonymous_1)
DA:1,0
DA:2,0
DA:3,0
DA:4,0
DA:5,0
DA:6,0
DA:13,0
DA:15,0
DA:32,0
LF:9
LH:0
BRF:0
BRH:0
end_of_record
TN:
SF:src/cache/cache.service.ts
FN:27,(anonymous_4)
FN:37,(anonymous_5)
FN:62,(anonymous_6)
FN:82,(anonymous_7)
FN:92,(anonymous_8)
FN:102,(anonymous_9)
FN:110,(anonymous_10)
FN:119,(anonymous_11)
FN:130,(anonymous_12)
FN:152,(anonymous_13)
FN:154,(anonymous_14)
FN:156,(anonymous_15)
FN:159,(anonymous_16)
FN:176,(anonymous_17)
FN:180,(anonymous_18)
FN:183,(anonymous_19)
FN:190,(anonymous_20)
FN:194,(anonymous_21)
FN:210,(anonymous_22)
FN:222,(anonymous_23)
FN:229,(anonymous_24)
FN:237,(anonymous_25)
FN:241,(anonymous_26)
FN:245,(anonymous_27)
FN:254,(anonymous_28)
FNF:25
FNH:0
FNDA:0,(anonymous_4)
FNDA:0,(anonymous_5)
FNDA:0,(anonymous_6)
FNDA:0,(anonymous_7)
FNDA:0,(anonymous_8)
FNDA:0,(anonymous_9)
FNDA:0,(anonymous_10)
FNDA:0,(anonymous_11)
FNDA:0,(anonymous_12)
FNDA:0,(anonymous_13)
FNDA:0,(anonymous_14)
FNDA:0,(anonymous_15)
FNDA:0,(anonymous_16)
FNDA:0,(anonymous_17)
FNDA:0,(anonymous_18)
FNDA:0,(anonymous_19)
FNDA:0,(anonymous_20)
FNDA:0,(anonymous_21)
FNDA:0,(anonymous_22)
FNDA:0,(anonymous_23)
FNDA:0,(anonymous_24)
FNDA:0,(anonymous_25)
FNDA:0,(anonymous_26)
FNDA:0,(anonymous_27)
FNDA:0,(anonymous_28)
DA:1,0
DA:2,0
DA:4,0
DA:5,0
DA:22,0
DA:28,0
DA:29,0
DA:30,0
DA:32,0
DA:33,0
DA:34,0
DA:38,0
DA:39,0
DA:40,0
DA:42,0
DA:43,0
DA:44,0
DA:48,0
DA:49,0
DA:50,0
DA:51,0
DA:54,0
DA:55,0
DA:57,0
DA:58,0
DA:63,0
DA:64,0
DA:65,0
DA:67,0
DA:75,0
DA:76,0
DA:78,0
DA:83,0
DA:84,0
DA:85,0
DA:86,0
DA:88,0
DA:93,0
DA:95,0
DA:98,0
DA:101,0
DA:102,0
DA:103,0
DA:106,0
DA:111,0
DA:114,0
DA:116,0
DA:117,0
DA:118,0
DA:119,0
DA:120,0
DA:121,0
DA:126,0
DA:136,0
DA:137,0
DA:138,0
DA:142,0
DA:143,0
DA:144,0
DA:145,0
DA:147,0
DA:148,0
DA:153,0
DA:154,0
DA:155,0
DA:156,0
DA:159,0
DA:160,0
DA:161,0
DA:162,0
DA:165,0
DA:166,0
DA:167,0
DA:168,0
DA:171,0
DA:172,0
DA:175,0
DA:176,0
DA:181,0
DA:182,0
DA:183,0
DA:186,0
DA:191,0
DA:195,0
DA:198,0
DA:199,0
DA:204,0
DA:205,0
DA:206,0
DA:207,0
DA:211,0
DA:212,0
DA:215,0
DA:216,0
DA:219,0
DA:226,0
DA:233,0
DA:238,0
DA:242,0
DA:246,0
DA:247,0
DA:251,0
DA:255,0
DA:256,0
LF:104
LH:0
BRDA:42,0,0,0
BRDA:48,1,0,0
BRDA:62,2,0,0
BRDA:69,3,0,0
BRDA:69,3,1,0
BRDA:101,4,0,0
BRDA:118,5,0,0
BRDA:118,6,0,0
BRDA:118,6,1,0
BRDA:120,7,0,0
BRDA:133,8,0,0
BRDA:137,9,0,0
BRDA:160,10,0,0
BRDA:165,11,0,0
BRDA:195,12,0,0
BRDA:198,13,0,0
BRDA:204,14,0,0
BRDA:205,15,0,0
BRDA:206,16,0,0
BRDA:215,17,0,0
BRDA:215,18,0,0
BRDA:215,18,1,0
BRF:22
BRH:0
end_of_record
TN:
SF:src/common/filters/all-exceptions.filter.ts
FN:13,(anonymous_2)
FN:15,(anonymous_3)
FN:96,(anonymous_4)
FN:127,(anonymous_5)
FN:144,(anonymous_6)
FN:158,(anonymous_7)
FNF:6
FNH:0
FNDA:0,(anonymous_2)
FNDA:0,(anonymous_3)
FNDA:0,(anonymous_4)
FNDA:0,(anonymous_5)
FNDA:0,(anonymous_6)
FNDA:0,(anonymous_7)
DA:1,0
DA:9,0
DA:12,0
DA:13,0
DA:16,0
DA:17,0
DA:18,0
DA:24,0
DA:25,0
DA:26,0
DA:28,0
DA:29,0
DA:30,0
DA:32,0
DA:33,0
DA:35,0
DA:36,0
DA:37,0
DA:38,0
DA:40,0
DA:41,0
DA:42,0
DA:45,0
DA:65,0
DA:80,0
DA:81,0
DA:93,0
DA:97,0
DA:99,0
DA:101,0
DA:103,0
DA:105,0
DA:107,0
DA:109,0
DA:111,0
DA:113,0
DA:115,0
DA:117,0
DA:119,0
DA:121,0
DA:123,0
DA:129,0
DA:140,0
DA:141,0
DA:144,0
DA:145,0
DA:149,0
DA:158,0
DA:159,0
DA:163,0
DA:164,0
DA:167,0
LF:52
LH:0
BRDA:24,0,0,0
BRDA:24,0,1,0
BRDA:28,1,0,0
BRDA:28,1,1,0
BRDA:32,2,0,0
BRDA:32,2,1,0
BRDA:33,3,0,0
BRDA:33,3,1,0
BRDA:35,4,0,0
BRDA:35,4,1,0
BRDA:60,5,0,0
BRDA:60,5,1,0
BRDA:66,6,0,0
BRDA:66,6,1,0
BRDA:80,7,0,0
BRDA:97,8,0,0
BRDA:97,8,1,0
BRDA:97,8,2,0
BRDA:97,8,3,0
BRDA:97,8,4,0
BRDA:97,8,5,0
BRDA:97,8,6,0
BRDA:97,8,7,0
BRDA:97,8,8,0
BRDA:97,8,9,0
BRDA:97,8,10,0
BRDA:97,8,11,0
BRDA:97,8,12,0
BRDA:141,9,0,0
BRDA:141,9,1,0
BRDA:144,10,0,0
BRDA:158,11,0,0
BRDA:163,12,0,0
BRF:33
BRH:0
end_of_record
TN:
SF:src/common/interceptors/response.interceptor.ts
FN:25,(anonymous_1)
FN:30,(anonymous_2)
FN:48,(anonymous_3)
FNF:3
FNH:0
FNDA:0,(anonymous_1)
FNDA:0,(anonymous_2)
FNDA:0,(anonymous_3)
DA:1,0
DA:8,0
DA:24,0
DA:26,0
DA:27,0
DA:29,0
DA:31,0
DA:33,0
DA:49,0
LF:9
LH:0
BRDA:39,0,0,0
BRDA:39,0,1,0
BRF:2
BRH:0
end_of_record
TN:
SF:src/common/logger/logger.module.ts
FNF:0
FNH:0
DA:1,0
DA:2,0
DA:8,0
LF:3
LH:0
BRF:0
BRH:0
end_of_record
TN:
SF:src/common/middleware/correlation-id.middleware.ts
FN:7,(anonymous_1)
FNF:1
FNH:0
FNDA:0,(anonymous_1)
DA:1,0
DA:3,0
DA:6,0
DA:9,0
DA:12,0
DA:15,0
DA:17,0
LF:7
LH:0
BRDA:9,0,0,0
BRDA:9,0,1,0
BRF:2
BRH:0
end_of_record
TN:
SF:src/common/services/logger.service.ts
FN:9,(anonymous_11)
FN:51,(anonymous_12)
FN:59,(anonymous_13)
FN:70,(anonymous_14)
FN:78,(anonymous_15)
FN:86,(anonymous_16)
FN:95,(anonymous_17)
FN:106,(anonymous_18)
FN:115,(anonymous_19)
FN:125,(anonymous_20)
FN:134,(anonymous_21)
FN:145,(anonymous_22)
FN:154,(anonymous_23)
FNF:13
FNH:0
FNDA:0,(anonymous_11)
FNDA:0,(anonymous_12)
FNDA:0,(anonymous_13)
FNDA:0,(anonymous_14)
FNDA:0,(anonymous_15)
FNDA:0,(anonymous_16)
FNDA:0,(anonymous_17)
FNDA:0,(anonymous_18)
FNDA:0,(anonymous_19)
FNDA:0,(anonymous_20)
FNDA:0,(anonymous_21)
FNDA:0,(anonymous_22)
FNDA:0,(anonymous_23)
DA:1,2
DA:2,2
DA:3,2
DA:6,2
DA:9,0
DA:10,0
DA:11,0
DA:13,0
DA:36,0
DA:37,0
DA:43,0
DA:52,0
DA:53,0
DA:55,0
DA:60,0
DA:62,0
DA:63,0
DA:64,0
DA:66,0
DA:71,0
DA:72,0
DA:74,0
DA:79,0
DA:80,0
DA:82,0
DA:87,0
DA:88,0
DA:90,0
DA:96,0
DA:107,0
DA:116,0
DA:126,0
DA:135,0
DA:146,0
DA:155,0
LF:35
LH:4
BRDA:22,0,0,0
BRDA:22,0,1,0
BRDA:36,1,0,0
BRDA:52,2,0,0
BRDA:52,2,1,0
BRDA:60,3,0,0
BRDA:60,3,1,0
BRDA:60,4,0,0
BRDA:60,4,1,0
BRDA:63,5,0,0
BRDA:63,5,1,0
BRDA:71,6,0,0
BRDA:71,6,1,0
BRDA:79,7,0,0
BRDA:79,7,1,0
BRDA:87,8,0,0
BRDA:87,8,1,0
BRF:17
BRH:0
end_of_record
TN:
SF:src/config/auth.config.ts
FN:3,(anonymous_0)
FNF:1
FNH:0
FNDA:0,(anonymous_0)
DA:1,0
DA:3,0
LF:2
LH:0
BRDA:5,0,0,0
BRDA:5,0,1,0
BRDA:6,1,0,0
BRDA:6,1,1,0
BRDA:16,2,0,0
BRDA:16,2,1,0
BRDA:17,3,0,0
BRDA:17,3,1,0
BRDA:21,4,0,0
BRDA:21,4,1,0
BRF:10
BRH:0
end_of_record
TN:
SF:src/config/database.config.ts
FN:4,(anonymous_0)
FNF:1
FNH:0
FNDA:0,(anonymous_0)
DA:1,0
DA:4,0
LF:2
LH:0
BRDA:7,0,0,0
BRDA:7,0,1,0
BRDA:8,1,0,0
BRDA:8,1,1,0
BRDA:9,2,0,0
BRDA:9,2,1,0
BRDA:10,3,0,0
BRDA:10,3,1,0
BRDA:11,4,0,0
BRDA:11,4,1,0
BRDA:16,5,0,0
BRDA:16,5,1,0
BRDA:21,6,0,0
BRDA:21,6,1,0
BRDA:22,7,0,0
BRDA:22,7,1,0
BRDA:23,8,0,0
BRDA:23,8,1,0
BRDA:24,9,0,0
BRDA:24,9,1,0
BRDA:25,10,0,0
BRDA:25,10,1,0
BRDA:27,11,0,0
BRDA:27,11,1,0
BRDA:28,12,0,0
BRDA:28,12,1,0
BRDA:29,13,0,0
BRDA:29,13,1,0
BRDA:30,14,0,0
BRDA:30,14,1,0
BRF:30
BRH:0
end_of_record
TN:
SF:src/config/redis.config.ts
FN:3,(anonymous_0)
FNF:1
FNH:0
FNDA:0,(anonymous_0)
DA:1,0
DA:3,0
LF:2
LH:0
BRDA:4,0,0,0
BRDA:4,0,1,0
BRDA:5,1,0,0
BRDA:5,1,1,0
BRDA:7,2,0,0
BRDA:7,2,1,0
BRDA:9,3,0,0
BRDA:9,3,1,0
BRDA:10,4,0,0
BRDA:10,4,1,0
BRDA:11,5,0,0
BRDA:11,5,1,0
BRDA:12,6,0,0
BRDA:12,6,1,0
BRDA:14,7,0,0
BRDA:14,7,1,0
BRDA:16,8,0,0
BRDA:16,8,1,0
BRDA:17,9,0,0
BRDA:17,9,1,0
BRF:20
BRH:0
end_of_record
TN:
SF:src/config/services.config.ts
FN:3,(anonymous_0)
FNF:1
FNH:0
FNDA:0,(anonymous_0)
DA:1,0
DA:3,0
LF:2
LH:0
BRDA:5,0,0,0
BRDA:5,0,1,0
BRDA:6,1,0,0
BRDA:6,1,1,0
BRDA:7,2,0,0
BRDA:7,2,1,0
BRDA:10,3,0,0
BRDA:10,3,1,0
BRDA:11,4,0,0
BRDA:11,4,1,0
BRDA:12,5,0,0
BRDA:12,5,1,0
BRDA:15,6,0,0
BRDA:15,6,1,0
BRDA:16,7,0,0
BRDA:16,7,1,0
BRDA:17,8,0,0
BRDA:17,8,1,0
BRDA:20,9,0,0
BRDA:20,9,1,0
BRDA:21,10,0,0
BRDA:21,10,1,0
BRDA:22,11,0,0
BRDA:22,11,1,0
BRDA:25,12,0,0
BRDA:25,12,1,0
BRDA:26,13,0,0
BRDA:26,13,1,0
BRDA:27,14,0,0
BRDA:27,14,1,0
BRDA:28,15,0,0
BRDA:28,15,1,0
BRDA:29,16,0,0
BRDA:29,16,1,0
BRDA:32,17,0,0
BRDA:32,17,1,0
BRDA:33,18,0,0
BRDA:33,18,1,0
BRDA:34,19,0,0
BRDA:34,19,1,0
BRDA:40,20,0,0
BRDA:40,20,1,0
BRDA:41,21,0,0
BRDA:41,21,1,0
BRDA:45,22,0,0
BRDA:45,22,1,0
BRDA:46,23,0,0
BRDA:46,23,1,0
BRDA:50,24,0,0
BRDA:50,24,1,0
BRDA:51,25,0,0
BRDA:51,25,1,0
BRDA:56,26,0,0
BRDA:56,26,1,0
BRDA:57,27,0,0
BRDA:57,27,1,0
BRDA:62,28,0,0
BRDA:62,28,1,0
BRDA:63,29,0,0
BRDA:63,29,1,0
BRDA:68,30,0,0
BRDA:68,30,1,0
BRDA:70,31,0,0
BRDA:70,31,1,0
BRDA:71,32,0,0
BRDA:71,32,1,0
BRDA:76,33,0,0
BRDA:76,33,1,0
BRDA:77,34,0,0
BRDA:77,34,1,0
BRF:70
BRH:0
end_of_record
TN:
SF:src/config/supabase.config.ts
FN:3,(anonymous_0)
FNF:1
FNH:0
FNDA:0,(anonymous_0)
DA:1,0
DA:3,0
LF:2
LH:0
BRDA:4,0,0,0
BRDA:4,0,1,0
BRDA:5,1,0,0
BRDA:5,1,1,0
BRDA:6,2,0,0
BRDA:6,2,1,0
BRDA:10,3,0,0
BRDA:10,3,1,0
BRDA:11,4,0,0
BRDA:11,4,1,0
BRDA:12,5,0,0
BRDA:12,5,1,0
BRDA:13,6,0,0
BRDA:13,6,1,0
BRDA:14,7,0,0
BRDA:14,7,1,0
BRDA:28,8,0,0
BRDA:28,8,1,0
BRF:18
BRH:0
end_of_record
TN:
SF:src/database/database.module.ts
FN:8,(anonymous_1)
FNF:1
FNH:0
FNDA:0,(anonymous_1)
DA:1,0
DA:2,0
DA:3,0
DA:8,0
DA:14,0
LF:5
LH:0
BRF:0
BRH:0
end_of_record
TN:
SF:src/health/health.controller.ts
FN:16,(anonymous_2)
FN:30,(anonymous_3)
FN:33,(anonymous_4)
FN:36,(anonymous_5)
FN:39,(anonymous_6)
FN:42,(anonymous_7)
FN:52,(anonymous_8)
FN:61,(anonymous_9)
FN:64,(anonymous_10)
FN:67,(anonymous_11)
FN:68,(anonymous_12)
FN:69,(anonymous_13)
FN:70,(anonymous_14)
FN:78,(anonymous_15)
FN:81,(anonymous_16)
FN:88,(anonymous_17)
FNF:16
FNH:0
FNDA:0,(anonymous_2)
FNDA:0,(anonymous_3)
FNDA:0,(anonymous_4)
FNDA:0,(anonymous_5)
FNDA:0,(anonymous_6)
FNDA:0,(anonymous_7)
FNDA:0,(anonymous_8)
FNDA:0,(anonymous_9)
FNDA:0,(anonymous_10)
FNDA:0,(anonymous_11)
FNDA:0,(anonymous_12)
FNDA:0,(anonymous_13)
FNDA:0,(anonymous_14)
FNDA:0,(anonymous_15)
FNDA:0,(anonymous_16)
FNDA:0,(anonymous_17)
DA:1,0
DA:2,0
DA:3,0
DA:11,0
DA:15,0
DA:17,0
DA:18,0
DA:19,0
DA:20,0
DA:21,0
DA:22,0
DA:30,0
DA:31,0
DA:33,0
DA:36,0
DA:39,0
DA:42,0
DA:52,0
DA:53,0
DA:61,0
DA:62,0
DA:64,0
DA:67,0
DA:68,0
DA:69,0
DA:70,0
DA:78,0
DA:79,0
DA:81,0
DA:88,0
DA:89,0
LF:31
LH:0
BRF:0
BRH:0
end_of_record
TN:
SF:src/health/health.module.ts
FNF:0
FNH:0
DA:1,0
DA:2,0
DA:3,0
DA:4,0
DA:5,0
DA:6,0
DA:18,0
LF:7
LH:0
BRF:0
BRH:0
end_of_record
TN:
SF:src/health/health.service.ts
FN:44,(anonymous_4)
FN:51,(anonymous_5)
FN:64,(anonymous_6)
FN:86,(anonymous_7)
FN:110,(anonymous_8)
FN:111,(anonymous_9)
FN:144,(anonymous_10)
FN:172,(anonymous_11)
FN:183,(anonymous_12)
FNF:9
FNH:0
FNDA:0,(anonymous_4)
FNDA:0,(anonymous_5)
FNDA:0,(anonymous_6)
FNDA:0,(anonymous_7)
FNDA:0,(anonymous_8)
FNDA:0,(anonymous_9)
FNDA:0,(anonymous_10)
FNDA:0,(anonymous_11)
FNDA:0,(anonymous_12)
DA:1,0
DA:2,0
DA:3,0
DA:4,0
DA:5,0
DA:6,0
DA:7,0
DA:36,0
DA:37,0
DA:45,0
DA:46,0
DA:47,0
DA:48,0
DA:60,0
DA:61,0
DA:64,0
DA:65,0
DA:68,0
DA:69,0
DA:70,0
DA:71,0
DA:72,0
DA:73,0
DA:75,0
DA:78,0
DA:87,0
DA:88,0
DA:89,0
DA:91,0
DA:111,0
DA:112,0
DA:114,0
DA:115,0
DA:121,0
DA:123,0
DA:130,0
DA:132,0
DA:141,0
DA:148,0
DA:150,0
DA:151,0
DA:152,0
DA:156,0
DA:158,0
DA:160,0
DA:165,0
DA:167,0
DA:173,0
DA:174,0
DA:175,0
DA:177,0
DA:178,0
DA:184,0
DA:185,0
DA:186,0
DA:188,0
DA:189,0
LF:57
LH:0
BRDA:68,0,0,0
BRDA:68,0,1,0
BRDA:70,1,0,0
BRDA:70,1,1,0
BRDA:72,2,0,0
BRDA:72,2,1,0
BRDA:103,3,0,0
BRDA:103,3,1,0
BRDA:135,4,0,0
BRDA:135,4,1,0
BRDA:151,5,0,0
BRF:11
BRH:0
end_of_record
TN:
SF:src/metrics/metrics.controller.ts
FN:12,(anonymous_2)
FN:28,(anonymous_3)
FN:43,(anonymous_4)
FNF:3
FNH:0
FNDA:0,(anonymous_2)
FNDA:0,(anonymous_3)
FNDA:0,(anonymous_4)
DA:1,0
DA:2,0
DA:3,0
DA:4,0
DA:5,0
DA:6,0
DA:7,0
DA:11,0
DA:12,0
DA:28,0
DA:29,0
DA:43,0
DA:44,0
LF:13
LH:0
BRF:0
BRH:0
end_of_record
TN:
SF:src/metrics/metrics.module.ts
FNF:0
FNH:0
DA:1,0
DA:2,0
DA:3,0
DA:4,0
DA:12,0
LF:5
LH:0
BRF:0
BRH:0
end_of_record
TN:
SF:src/metrics/metrics.service.ts
FN:59,(anonymous_2)
FN:64,(anonymous_3)
FN:67,(anonymous_4)
FN:88,(anonymous_5)
FN:101,(anonymous_6)
FN:121,(anonymous_7)
FN:153,(anonymous_8)
FN:160,(anonymous_9)
FN:168,(anonymous_10)
FN:184,(anonymous_11)
FN:227,(anonymous_12)
FN:242,(anonymous_13)
FN:247,(anonymous_14)
FN:255,(anonymous_15)
FN:256,(anonymous_16)
FN:257,(anonymous_17)
FN:263,(anonymous_18)
FN:272,(anonymous_19)
FN:278,(anonymous_20)
FN:279,(anonymous_21)
FN:281,(anonymous_22)
FN:282,(anonymous_23)
FN:289,(anonymous_24)
FN:290,(anonymous_25)
FN:291,(anonymous_26)
FN:294,(anonymous_27)
FN:296,(anonymous_28)
FN:300,(anonymous_29)
FN:314,(anonymous_30)
FN:315,(anonymous_31)
FN:316,(anonymous_32)
FN:319,(anonymous_33)
FN:322,(anonymous_34)
FN:326,(anonymous_35)
FN:334,(anonymous_36)
FN:350,(anonymous_37)
FN:356,(anonymous_38)
FNF:37
FNH:0
FNDA:0,(anonymous_2)
FNDA:0,(anonymous_3)
FNDA:0,(anonymous_4)
FNDA:0,(anonymous_5)
FNDA:0,(anonymous_6)
FNDA:0,(anonymous_7)
FNDA:0,(anonymous_8)
FNDA:0,(anonymous_9)
FNDA:0,(anonymous_10)
FNDA:0,(anonymous_11)
FNDA:0,(anonymous_12)
FNDA:0,(anonymous_13)
FNDA:0,(anonymous_14)
FNDA:0,(anonymous_15)
FNDA:0,(anonymous_16)
FNDA:0,(anonymous_17)
FNDA:0,(anonymous_18)
FNDA:0,(anonymous_19)
FNDA:0,(anonymous_20)
FNDA:0,(anonymous_21)
FNDA:0,(anonymous_22)
FNDA:0,(anonymous_23)
FNDA:0,(anonymous_24)
FNDA:0,(anonymous_25)
FNDA:0,(anonymous_26)
FNDA:0,(anonymous_27)
FNDA:0,(anonymous_28)
FNDA:0,(anonymous_29)
FNDA:0,(anonymous_30)
FNDA:0,(anonymous_31)
FNDA:0,(anonymous_32)
FNDA:0,(anonymous_33)
FNDA:0,(anonymous_34)
FNDA:0,(anonymous_35)
FNDA:0,(anonymous_36)
FNDA:0,(anonymous_37)
FNDA:0,(anonymous_38)
DA:1,0
DA:2,0
DA:3,0
DA:55,0
DA:56,0
DA:57,0
DA:60,0
DA:61,0
DA:64,0
DA:74,0
DA:81,0
DA:89,0
DA:94,0
DA:95,0
DA:108,0
DA:115,0
DA:129,0
DA:135,0
DA:140,0
DA:141,0
DA:146,0
DA:154,0
DA:161,0
DA:169,0
DA:170,0
DA:173,0
DA:175,0
DA:185,0
DA:188,0
DA:191,0
DA:192,0
DA:193,0
DA:195,0
DA:196,0
DA:197,0
DA:198,0
DA:201,0
DA:202,0
DA:203,0
DA:206,0
DA:207,0
DA:208,0
DA:211,0
DA:212,0
DA:213,0
DA:216,0
DA:217,0
DA:218,0
DA:220,0
DA:221,0
DA:222,0
DA:224,0
DA:228,0
DA:235,0
DA:236,0
DA:239,0
DA:243,0
DA:245,0
DA:246,0
DA:247,0
DA:249,0
DA:252,0
DA:256,0
DA:257,0
DA:259,0
DA:260,0
DA:261,0
DA:263,0
DA:264,0
DA:265,0
DA:267,0
DA:268,0
DA:271,0
DA:272,0
DA:275,0
DA:279,0
DA:281,0
DA:282,0
DA:283,0
DA:284,0
DA:286,0
DA:290,0
DA:291,0
DA:293,0
DA:294,0
DA:295,0
DA:296,0
DA:299,0
DA:300,0
DA:301,0
DA:302,0
DA:303,0
DA:305,0
DA:306,0
DA:307,0
DA:311,0
DA:315,0
DA:316,0
DA:318,0
DA:319,0
DA:320,0
DA:321,0
DA:322,0
DA:325,0
DA:326,0
DA:327,0
DA:328,0
DA:331,0
DA:335,0
DA:337,0
DA:351,0
DA:352,0
DA:354,0
DA:355,0
DA:356,0
DA:357,0
DA:358,0
DA:361,0
DA:362,0
LF:119
LH:0
BRDA:78,0,0,0
BRDA:78,0,1,0
BRDA:94,1,0,0
BRDA:94,2,0,0
BRDA:94,2,1,0
BRDA:95,3,0,0
BRDA:95,3,1,0
BRDA:132,4,0,0
BRDA:132,4,1,0
BRDA:140,5,0,0
BRDA:140,5,1,0
BRDA:143,6,0,0
BRDA:143,6,1,0
BRDA:148,7,0,0
BRDA:148,7,1,0
BRDA:163,8,0,0
BRDA:163,8,1,0
BRDA:164,9,0,0
BRDA:164,9,1,0
BRDA:227,10,0,0
BRDA:235,11,0,0
BRDA:247,12,0,0
BRDA:247,12,1,0
BRDA:264,13,0,0
BRDA:264,13,1,0
BRDA:265,14,0,0
BRDA:265,14,1,0
BRDA:267,15,0,0
BRDA:267,15,1,0
BRDA:268,16,0,0
BRDA:268,16,1,0
BRDA:271,17,0,0
BRDA:271,17,1,0
BRDA:284,18,0,0
BRDA:284,18,1,0
BRDA:295,19,0,0
BRDA:295,19,1,0
BRDA:301,20,0,0
BRDA:301,20,1,0
BRDA:302,21,0,0
BRDA:306,22,0,0
BRDA:321,23,0,0
BRDA:321,23,1,0
BRDA:327,24,0,0
BRDA:327,24,1,0
BRDA:328,25,0,0
BRDA:328,25,1,0
BRDA:361,26,0,0
BRF:48
BRH:0
end_of_record
TN:
SF:src/orchestration/circuit-breaker.service.ts
FN:27,(anonymous_2)
FN:40,(anonymous_3)
FN:80,(anonymous_4)
FN:84,(anonymous_5)
FN:94,(anonymous_6)
FN:106,(anonymous_7)
FN:118,(anonymous_8)
FN:132,(anonymous_9)
FN:149,(anonymous_10)
FN:170,(anonymous_11)
FN:178,(anonymous_12)
FN:184,(anonymous_13)
FN:197,(anonymous_14)
FN:202,(anonymous_15)
FN:206,(anonymous_16)
FN:209,(anonymous_17)
FN:210,(anonymous_18)
FN:211,(anonymous_19)
FNF:18
FNH:0
FNDA:0,(anonymous_2)
FNDA:0,(anonymous_3)
FNDA:0,(anonymous_4)
FNDA:0,(anonymous_5)
FNDA:0,(anonymous_6)
FNDA:0,(anonymous_7)
FNDA:0,(anonymous_8)
FNDA:0,(anonymous_9)
FNDA:0,(anonymous_10)
FNDA:0,(anonymous_11)
FNDA:0,(anonymous_12)
FNDA:0,(anonymous_13)
FNDA:0,(anonymous_14)
FNDA:0,(anonymous_15)
FNDA:0,(anonymous_16)
FNDA:0,(anonymous_17)
FNDA:0,(anonymous_18)
FNDA:0,(anonymous_19)
DA:1,0
DA:2,0
DA:3,0
DA:22,0
DA:23,0
DA:25,0
DA:28,0
DA:29,0
DA:31,0
DA:44,0
DA:47,0
DA:48,0
DA:50,0
DA:51,0
DA:55,0
DA:56,0
DA:57,0
DA:60,0
DA:62,0
DA:64,0
DA:67,0
DA:68,0
DA:70,0
DA:73,0
DA:74,0
DA:76,0
DA:81,0
DA:90,0
DA:91,0
DA:93,0
DA:94,0
DA:95,0
DA:97,0
DA:107,0
DA:108,0
DA:110,0
DA:111,0
DA:112,0
DA:115,0
DA:119,0
DA:120,0
DA:129,0
DA:133,0
DA:134,0
DA:137,0
DA:138,0
DA:139,0
DA:140,0
DA:141,0
DA:143,0
DA:145,0
DA:150,0
DA:151,0
DA:153,0
DA:155,0
DA:156,0
DA:157,0
DA:158,0
DA:160,0
DA:162,0
DA:163,0
DA:164,0
DA:165,0
DA:171,0
DA:174,0
DA:175,0
DA:178,0
DA:179,0
DA:181,0
DA:185,0
DA:186,0
DA:189,0
DA:190,0
DA:196,0
DA:197,0
DA:199,0
DA:203,0
DA:204,0
DA:206,0
DA:210,0
DA:211,0
DA:212,0
DA:213,0
DA:214,0
DA:218,0
LF:85
LH:0
BRDA:47,0,0,0
BRDA:50,1,0,0
BRDA:95,2,0,0
BRDA:95,2,1,0
BRDA:110,3,0,0
BRDA:119,4,0,0
BRDA:133,5,0,0
BRDA:133,5,1,0
BRDA:137,6,0,0
BRDA:143,7,0,0
BRDA:153,8,0,0
BRDA:153,8,1,0
BRDA:158,9,0,0
BRDA:162,10,0,0
BRDA:174,11,0,0
BRDA:185,12,0,0
BRDA:203,13,0,0
BRDA:203,13,1,0
BRF:18
BRH:0
end_of_record
TN:
SF:src/orchestration/orchestration.module.ts
FN:10,(anonymous_1)
FNF:1
FNH:0
FNDA:0,(anonymous_1)
DA:1,0
DA:2,0
DA:3,0
DA:4,0
DA:5,0
DA:10,0
DA:21,0
LF:7
LH:0
BRF:0
BRH:0
end_of_record
TN:
SF:src/orchestration/orchestration.service.ts
FN:27,(anonymous_2)
FN:42,(anonymous_3)
FN:60,(anonymous_4)
FN:66,(anonymous_5)
FN:77,(anonymous_6)
FN:112,(anonymous_7)
FN:124,(anonymous_8)
FN:141,(anonymous_9)
FN:190,(anonymous_10)
FN:200,(anonymous_11)
FN:246,(anonymous_12)
FN:250,(anonymous_13)
FN:260,(anonymous_14)
FN:261,(anonymous_15)
FNF:14
FNH:0
FNDA:0,(anonymous_2)
FNDA:0,(anonymous_3)
FNDA:0,(anonymous_4)
FNDA:0,(anonymous_5)
FNDA:0,(anonymous_6)
FNDA:0,(anonymous_7)
FNDA:0,(anonymous_8)
FNDA:0,(anonymous_9)
FNDA:0,(anonymous_10)
FNDA:0,(anonymous_11)
FNDA:0,(anonymous_12)
FNDA:0,(anonymous_13)
FNDA:0,(anonymous_14)
FNDA:0,(anonymous_15)
DA:1,0
DA:2,0
DA:4,0
DA:5,0
DA:6,0
DA:7,0
DA:24,0
DA:28,0
DA:29,0
DA:30,0
DA:31,0
DA:32,0
DA:34,0
DA:47,0
DA:49,0
DA:57,0
DA:60,0
DA:66,0
DA:67,0
DA:70,0
DA:73,0
DA:74,0
DA:75,0
DA:77,0
DA:78,0
DA:80,0
DA:81,0
DA:84,0
DA:85,0
DA:87,0
DA:88,0
DA:91,0
DA:98,0
DA:103,0
DA:104,0
DA:106,0
DA:108,0
DA:112,0
DA:117,0
DA:125,0
DA:127,0
DA:129,0
DA:131,0
DA:133,0
DA:135,0
DA:137,0
DA:146,0
DA:151,0
DA:153,0
DA:162,0
DA:170,0
DA:178,0
DA:186,0
DA:195,0
DA:197,0
DA:198,0
DA:200,0
DA:203,0
DA:206,0
DA:214,0
DA:220,0
DA:222,0
DA:229,0
DA:237,0
DA:247,0
DA:250,0
DA:251,0
DA:252,0
DA:254,0
DA:255,0
DA:259,0
DA:260,0
DA:261,0
DA:263,0
DA:264,0
DA:268,0
DA:269,0
DA:270,0
DA:272,0
DA:273,0
DA:276,0
DA:277,0
DA:281,0
LF:83
LH:0
BRDA:80,0,0,0
BRDA:80,0,1,0
BRDA:84,1,0,0
BRDA:87,2,0,0
BRDA:95,3,0,0
BRDA:95,3,1,0
BRDA:125,4,0,0
BRDA:125,4,1,0
BRDA:125,4,2,0
BRDA:125,4,3,0
BRDA:125,4,4,0
BRDA:125,4,5,0
BRDA:151,5,0,0
BRDA:151,5,1,0
BRDA:151,5,2,0
BRDA:151,5,3,0
BRDA:151,5,4,0
BRDA:156,6,0,0
BRDA:156,6,1,0
BRDA:157,7,0,0
BRDA:157,7,1,0
BRDA:158,8,0,0
BRDA:158,8,1,0
BRDA:165,9,0,0
BRDA:165,9,1,0
BRDA:182,10,0,0
BRDA:182,10,1,0
BRDA:232,11,0,0
BRDA:232,11,1,0
BRDA:238,12,0,0
BRDA:238,12,1,0
BRDA:254,13,0,0
BRDA:263,14,0,0
BRDA:268,15,0,0
BRDA:268,16,0,0
BRDA:268,16,1,0
BRDA:269,17,0,0
BRDA:269,17,1,0
BRDA:270,18,0,0
BRDA:270,18,1,0
BRDA:272,19,0,0
BRDA:272,20,0,0
BRDA:272,20,1,0
BRDA:276,21,0,0
BRDA:276,22,0,0
BRDA:276,22,1,0
BRF:46
BRH:0
end_of_record
TN:
SF:src/orchestration/service-client.service.ts
FN:19,(anonymous_2)
FN:52,(anonymous_3)
FN:76,(anonymous_4)
FN:109,(anonymous_5)
FN:155,(anonymous_6)
FN:160,(anonymous_7)
FN:167,(anonymous_8)
FN:173,(anonymous_9)
FN:188,(anonymous_10)
FN:193,(anonymous_11)
FN:235,(anonymous_12)
FN:242,(anonymous_13)
FN:267,(anonymous_14)
FN:268,(anonymous_15)
FN:272,(anonymous_16)
FN:277,(anonymous_17)
FNF:16
FNH:0
FNDA:0,(anonymous_2)
FNDA:0,(anonymous_3)
FNDA:0,(anonymous_4)
FNDA:0,(anonymous_5)
FNDA:0,(anonymous_6)
FNDA:0,(anonymous_7)
FNDA:0,(anonymous_8)
FNDA:0,(anonymous_9)
FNDA:0,(anonymous_10)
FNDA:0,(anonymous_11)
FNDA:0,(anonymous_12)
FNDA:0,(anonymous_13)
FNDA:0,(anonymous_14)
FNDA:0,(anonymous_15)
FNDA:0,(anonymous_16)
FNDA:0,(anonymous_17)
DA:1,0
DA:2,0
DA:3,0
DA:4,0
DA:6,0
DA:16,0
DA:20,0
DA:21,0
DA:22,0
DA:24,0
DA:58,0
DA:60,0
DA:61,0
DA:64,0
DA:65,0
DA:67,0
DA:74,0
DA:75,0
DA:76,0
DA:83,0
DA:85,0
DA:93,0
DA:95,0
DA:97,0
DA:105,0
DA:114,0
DA:116,0
DA:117,0
DA:124,0
DA:125,0
DA:127,0
DA:128,0
DA:138,0
DA:140,0
DA:145,0
DA:147,0
DA:160,0
DA:161,0
DA:162,0
DA:165,0
DA:167,0
DA:168,0
DA:169,0
DA:179,0
DA:188,0
DA:202,0
DA:203,0
DA:204,0
DA:206,0
DA:209,0
DA:210,0
DA:214,0
DA:215,0
DA:218,0
DA:220,0
DA:228,0
DA:232,0
DA:236,0
DA:237,0
DA:239,0
DA:243,0
DA:244,0
DA:247,0
DA:248,0
DA:251,0
DA:252,0
DA:253,0
DA:255,0
DA:256,0
DA:259,0
DA:260,0
DA:264,0
DA:268,0
DA:273,0
DA:278,0
DA:280,0
DA:281,0
DA:286,0
LF:78
LH:0
BRDA:60,0,0,0
BRDA:116,1,0,0
BRDA:141,2,0,0
BRDA:141,2,1,0
BRDA:209,3,0,0
BRDA:214,4,0,0
BRDA:236,5,0,0
BRDA:236,6,0,0
BRDA:236,6,1,0
BRDA:237,7,0,0
BRDA:237,7,1,0
BRDA:243,8,0,0
BRDA:247,9,0,0
BRDA:247,10,0,0
BRDA:247,10,1,0
BRDA:251,11,0,0
BRDA:253,12,0,0
BRDA:253,12,1,0
BRDA:255,13,0,0
BRDA:255,14,0,0
BRDA:255,14,1,0
BRDA:259,15,0,0
BRDA:273,16,0,0
BRDA:273,16,1,0
BRDA:280,17,0,0
BRF:25
BRH:0
end_of_record
TN:
SF:src/simple-health/simple-health.controller.ts
FN:10,(anonymous_2)
FN:24,(anonymous_3)
FN:38,(anonymous_4)
FN:47,(anonymous_5)
FNF:4
FNH:0
FNDA:0,(anonymous_2)
FNDA:0,(anonymous_3)
FNDA:0,(anonymous_4)
FNDA:0,(anonymous_5)
DA:1,0
DA:2,0
DA:6,0
DA:10,0
DA:11,0
DA:24,0
DA:25,0
DA:38,0
DA:39,0
DA:48,0
DA:49,0
LF:11
LH:0
BRDA:16,0,0,0
BRDA:16,0,1,0
BRF:2
BRH:0
end_of_record
TN:
SF:src/simple-health/simple-health.module.ts
FNF:0
FNH:0
DA:1,0
DA:2,0
DA:7,0
LF:3
LH:0
BRF:0
BRH:0
end_of_record
